2023-07-26T19:34:04.053+0300 notice   [Polyrecorder] Polyrecorder started. appStart=77063.095438715 modelIdentifier=MacBookPro15,4 operatingSystem=Version 13.0.1 (Build 22A400) systemLaunch=2023-07-25 19:09:40 +0000 version=1.3.1
2023-07-26T19:34:04.054+0300 debug    [Polyrecorder] Accessing active displays
2023-07-26T19:34:04.127+0300 notice   [Polyrecorder] Active displays: [polyrecorder.DisplayDiscovery.Display(displayID: 69734208, bounds: polyrecorder.Bounds(x: 0.0, y: 0.0, width: 1440.0, height: 900.0), refreshRate: 0.0, isMain: true, isBuiltin: true)]
2023-07-26T19:34:04.127+0300 debug    [Polyrecorder] Validating configuration.
2023-07-26T19:34:04.127+0300 notice   [Polyrecorder] Configuration validated: {
  "channels" : [
    {
      "captureKeyStrokes" : true,
      "type" : "input"
    },
    {
      "cropRect" : {
        "y" : 25,
        "height" : 813,
        "x" : 0,
        "yAxis" : "topBasedIncreasingDownwards",
        "width" : 1440
      },
      "type" : "display",
      "excludedWindowIds" : [
        10319,
        10318,
        8461
      ],
      "excludeFinderDesktopIcons" : false,
      "displayId" : 69734208
    }
  ],
  "logLevel" : "debug",
  "outputDirectory" : "\/var\/folders\/18\/k92_mn41589g2w_x9dnxmr4w0000gn\/T\/Code 2023-07-26 19:34:03"
}
2023-07-26T19:34:04.128+0300 debug    [Polyrecorder] Creating output directory. url=file:///var/folders/18/k92_mn41589g2w_x9dnxmr4w0000gn/T/Code%202023-07-26%2019:34:03
2023-07-26T19:34:04.128+0300 notice   [Polyrecorder] Created output directory. url=file:///var/folders/18/k92_mn41589g2w_x9dnxmr4w0000gn/T/Code%202023-07-26%2019:34:03
2023-07-26T19:34:04.128+0300 debug    [Polyrecorder] Redirecting logs to file. url=file:///var/folders/18/k92_mn41589g2w_x9dnxmr4w0000gn/T/Code%202023-07-26%2019:34:03/polyrecorder.log
2023-07-26T19:34:04.129+0300 notice   [Polyrecorder] Redirected logs to file. url=file:///var/folders/18/k92_mn41589g2w_x9dnxmr4w0000gn/T/Code%202023-07-26%2019:34:03/polyrecorder.log
2023-07-26T19:34:04.130+0300 debug    [Polyrecorder] Attaching uncaught exception handler.
2023-07-26T19:34:04.130+0300 notice   [Polyrecorder] Attached uncaught exception handler.
2023-07-26T19:34:04.130+0300 debug    [Polyrecorder] Enabling DAL devices...
2023-07-26T19:34:04.165+0300 notice   [Polyrecorder] Enabled DAL devices.
2023-07-26T19:34:04.165+0300 debug    [Polyrecorder] Creating conductor with recorders. channels=2
2023-07-26T19:34:04.165+0300 debug    [CursorRecorder] Checking if cursor folder/files don't exist yet.
2023-07-26T19:34:04.165+0300 notice   [CursorRecorder] Checked cursor folder/files don't exist yet.
2023-07-26T19:34:04.165+0300 debug    [CursorRecorder] Creating display link. displayId=69734208
2023-07-26T19:34:04.169+0300 notice   [CursorRecorder] Created display link. displayId=69734208
2023-07-26T19:34:04.169+0300 debug    [InputRecorder] Checking input monitoring authorization status. id=channel-0-input
2023-07-26T19:34:04.190+0300 notice   [InputRecorder] Input monitoring is authorized. id=channel-0-input
2023-07-26T19:34:04.224+0300 debug    [DisplayRecorder: channel-1-display] Checking if displayID 69734208 is in Active Displays list id=channel-1-display
2023-07-26T19:34:04.225+0300 debug    [DisplayRecorder: channel-1-display] Creating DisplayRecorderOutput id=channel-1-display
2023-07-26T19:34:04.235+0300 notice   [DisplayRecorder: channel-1-display] Created DisplayRecorderOutput id=channel-1-display output=DisplayRecorderOutput(cropRect: Optional((0.0, 25.0, 1440.0, 813.0)), recordBounds: (0.0, 25.0, 1440.0, 813.0), displayScaleFactor: 2, displayRefreshRate: 30.0, minFrameDuration: CMTime(seconds:0.03333333333333333 timescale:30 value:1 flags:valid), recordingScale: 0.5, assetWriterSettings: polyrecorder.AssetWriterSettings(mediaType: __C.AVMediaType(_rawValue: vide), outputSettings: ["AVVideoWidthKey": 2880, "AVVideoHeightKey": 1626, "AVVideoCodecKey": avc1, "AVVideoScalingModeKey": AVVideoScalingModeResizeAspect, "AVVideoCompressionPropertiesKey": {
    AllowFrameReordering = 1;
    AverageBitRate = 17678624;
    ExpectedFrameRate = 30;
    H264EntropyMode = CABAC;
    MaxKeyFrameInterval = 30;
    ProfileLevel = "H264_High_AutoLevel";
}, "AVVideoEncoderSpecificationKey": {
    EnableHardwareAcceleratedVideoEncoder = 1;
}]))
2023-07-26T19:34:04.235+0300 info     [Polyrecorder] Created conductor with recorders. channels=2 recorders=3
2023-07-26T19:34:04.235+0300 debug    [Polyrecorder] Attaching recorder abortion handler.
2023-07-26T19:34:04.235+0300 notice   [Polyrecorder] Attached recorder abortion handler.
2023-07-26T19:34:04.235+0300 debug    [Polyrecorder] Installing signal handlers on process 4120.
2023-07-26T19:34:04.235+0300 notice   [Polyrecorder] Installed signal handlers on process 4120.
2023-07-26T19:34:04.235+0300 notice   [Polyrecorder] Setup finished.
2023-07-26T19:34:04.236+0300 debug    [Conductor] Starting recording.
2023-07-26T19:34:04.236+0300 debug    [Conductor] Starting latency critical activity.
2023-07-26T19:34:04.237+0300 notice   [Conductor] Started latency critical activity.
2023-07-26T19:34:04.238+0300 debug    [Conductor] Setting up all recorders. recorders=3
2023-07-26T19:34:04.238+0300 debug    [InputRecorder] Starting event monitor. id=channel-0-input
2023-07-26T19:34:04.238+0300 info     [InputRecorder] Event monitor started. id=channel-0-input
2023-07-26T19:34:04.238+0300 debug    [CursorRecorder] Creating cursor image directory. id=channel-0-cursor url=file:///var/folders/18/k92_mn41589g2w_x9dnxmr4w0000gn/T/Code%202023-07-26%2019:34:03/cursors/
2023-07-26T19:34:04.238+0300 debug    [DisplayRecorder: channel-1-display] Accessing ShareableContent id=channel-1-display
2023-07-26T19:34:04.238+0300 notice   [CursorRecorder] Created cursor image directory. id=channel-0-cursor url=file:///var/folders/18/k92_mn41589g2w_x9dnxmr4w0000gn/T/Code%202023-07-26%2019:34:03/cursors/
2023-07-26T19:34:04.318+0300 notice   [DisplayRecorder: channel-1-display] Received ShareableContent attempt=1 id=channel-1-display
2023-07-26T19:34:04.318+0300 debug    [DisplayRecorder: channel-1-display] Creating SCContentFilter from configuration id=channel-1-display
2023-07-26T19:34:04.318+0300 debug    [CursorRecorder] Preloading system cursors. cursors=18 id=channel-0-cursor
2023-07-26T19:34:04.318+0300 notice   [CursorRecorder] Preloaded system cursors. cursors=18 id=channel-0-cursor
2023-07-26T19:34:04.318+0300 debug    [CursorRecorder] Configuring display link output handler. errorRateLimit=10.0 id=channel-0-cursor
2023-07-26T19:34:04.318+0300 info     [CursorRecorder] Display link output handler configured. errorRateLimit=10.0 id=channel-0-cursor
2023-07-26T19:34:04.318+0300 debug    [CursorRecorder] Setting current display on display link. displayId=69734208 id=channel-0-cursor
2023-07-26T19:34:04.318+0300 debug    [DisplayRecorder: channel-1-display] Creating SCStream id=channel-1-display streamConfig=SCStreamConfiguration sourceRect:(0.0, 25.0, 1440.0, 813.0) width:2880 height:1626 queueDepth:8
2023-07-26T19:34:04.318+0300 info     [CursorRecorder] Current display on display link set. displayId=69734208 id=channel-0-cursor
2023-07-26T19:34:04.318+0300 debug    [CursorRecorder] Starting display link. displayId=69734208 id=channel-0-cursor
2023-07-26T19:34:04.318+0300 notice   [CursorRecorder] Started display link. displayId=69734208 id=channel-0-cursor
2023-07-26T19:34:04.332+0300 notice   [CursorRecorder] Refresh rate of current display changed. currentDisplay=69734208 id=channel-0-cursor refreshRate=60 FPS
2023-07-26T19:34:04.427+0300 notice   [DisplayRecorder: channel-1-display] Created SCStream id=channel-1-display
2023-07-26T19:34:04.427+0300 debug    [DisplayRecorder: channel-1-display] Add StreamOutput to capture screen content id=channel-1-display
2023-07-26T19:34:04.427+0300 debug    [DisplayRecorder: channel-1-display] Start stream capture id=channel-1-display
2023-07-26T19:34:04.505+0300 notice   [DisplayRecorder: channel-1-display] Started stream capture id=channel-1-display
2023-07-26T19:34:04.505+0300 debug    [DisplayRecorder: channel-1-display] Waiting for ring buffer to have a frame id=channel-1-display
2023-07-26T19:34:04.532+0300 debug    [DisplayRecorder: channel-1-display] Checking delta of presentation time stamp to host time clock. framePTS=77063.573946696 hostTime=77063.583487645 id=channel-1-display
2023-07-26T19:34:04.532+0300 notice   [DisplayRecorder: channel-1-display] Trivial delta between presentation time stamp to host time clock, will trust frame PTS. framePTS=77063.573946696 hostTime=77063.583487645 hostTimeDelta=0.009540949 id=channel-1-display
2023-07-26T19:34:04.532+0300 notice   [DisplayRecorder: channel-1-display] Ring buffer has a frame id=channel-1-display
2023-07-26T19:34:04.532+0300 notice   [Conductor] Did setup all recorders. recorders=3
2023-07-26T19:34:04.532+0300 debug    [Conductor] Calling prepare on all recorders for session. recorders=3
2023-07-26T19:34:04.532+0300 debug    [DisplayRecorder: channel-1-display] Creating SessionWriter id=channel-1-display
2023-07-26T19:34:04.532+0300 notice   [InputRecorder] Preparing session. id=channel-0-input sessions=0
2023-07-26T19:34:04.532+0300 debug    [SessionWriter: channel-1-display-0] Creating AVAssetWriter id=channel-1-display
2023-07-26T19:34:04.534+0300 notice   [SessionWriter: channel-1-display-0] Created AVAssetWriter id=channel-1-display
2023-07-26T19:34:04.534+0300 debug    [SessionWriter: channel-1-display-0] Add AVAssetWriter.error observation id=channel-1-display
2023-07-26T19:34:04.534+0300 notice   [SessionWriter: channel-1-display-0] Added AVAssetWriter.error observation id=channel-1-display
2023-07-26T19:34:04.534+0300 notice   [InputRecorder] Prepared session. id=channel-0-input sessions=1
2023-07-26T19:34:04.534+0300 debug    [SessionWriter: channel-1-display-0] Creating AVAssetWriterInput id=channel-1-display mediaType=AVMediaType(_rawValue: vide) outputSettings=["AVVideoWidthKey": 2880, "AVVideoHeightKey": 1626, "AVVideoCodecKey": avc1, "AVVideoScalingModeKey": AVVideoScalingModeResizeAspect, "AVVideoCompressionPropertiesKey": {
    AllowFrameReordering = 1;
    AverageBitRate = 17678624;
    ExpectedFrameRate = 30;
    H264EntropyMode = CABAC;
    MaxKeyFrameInterval = 30;
    ProfileLevel = "H264_High_AutoLevel";
}, "AVVideoEncoderSpecificationKey": {
    EnableHardwareAcceleratedVideoEncoder = 1;
}]
2023-07-26T19:34:04.713+0300 debug    [SessionWriter: channel-1-display-0] Adding AVAssetWriterInput to AVAssetWriter. id=channel-1-display
2023-07-26T19:34:04.713+0300 notice   [SessionWriter: channel-1-display-0] Added AVAssetWriterInput to AVAssetWriter id=channel-1-display
2023-07-26T19:34:04.773+0300 debug    [DisplayRecorder: channel-1-display] Processing initial samples from buffer. bufferCount=3 id=channel-1-display
2023-07-26T19:34:04.773+0300 debug    [DisplayRecorder: channel-1-display] Processed initial samples from buffer. bufferCount=3 id=channel-1-display
2023-07-26T19:34:04.773+0300 notice   [DisplayRecorder: channel-1-display] Created SessionWriter id=channel-1-display
2023-07-26T19:34:04.773+0300 notice   [Conductor] Called prepare recorders for session. recorders=3
2023-07-26T19:34:04.773+0300 debug    [Conductor] Broadcasting over stdout that all recorders are prepared. recorders=3
2023-07-26T19:34:04.773+0300 notice   [Conductor] Broadcasted over stdout that all recorders are prepared. recorders=3
2023-07-26T19:34:05.178+0300 notice   [SignalHandler] Received SIGCONT.
2023-07-26T19:34:05.179+0300 debug    [Conductor] Resuming recording.
2023-07-26T19:34:05.179+0300 notice   [Conductor] Recording resumed. recordFrom=77064.230553257
2023-07-26T19:34:05.211+0300 debug    [SessionWriter: channel-1-display-0] Start session on AVAssetWriter id=channel-1-display sessionStart=CMTime(seconds:77064.230553257 timescale:1000000000 value:77064230553257 flags:valid)
2023-07-26T19:34:05.211+0300 notice   [SessionWriter: channel-1-display-0] Started session on AVAssetWriter id=channel-1-display sessionStart=CMTime(seconds:77064.230553257 timescale:1000000000 value:77064230553257 flags:valid)
2023-07-26T19:34:05.211+0300 notice   [SessionWriter: channel-1-display-0] Appending first sample buffer duration=CMTime(seconds:nan timescale:0 value:0 flags:<empty>) id=channel-1-display newPresentationTime=CMTime(seconds:77064.230553257 timescale:1000000000 value:77064230553257 flags:valid) originalDecodeTime=CMTime(seconds:nan timescale:0 value:0 flags:<empty>) originalPresentationTime=CMTime(seconds:77064.225187983 timescale:1000000000 value:77064225187983 flags:valid)
2023-07-26T19:34:05.334+0300 notice   [SessionWriter: channel-1-display-0] Appending second sample buffer duration=CMTime(seconds:nan timescale:0 value:0 flags:<empty>) id=channel-1-display newPresentationTime=CMTime(seconds:77064.258520143 timescale:1000000000 value:77064258520143 flags:valid) originalDecodeTime=CMTime(seconds:nan timescale:0 value:0 flags:<empty>) originalPresentationTime=CMTime(seconds:77064.258520143 timescale:1000000000 value:77064258520143 flags:valid)
2023-07-26T19:34:06.470+0300 debug    [InputRecorderSession] Generated mouse move events for cursor changes between mouse moves. after=77064.230553257 generatedEvents=1 id=channel-0-input session=0 untilIncluding=77065.517883709
2023-07-26T19:34:06.838+0300 debug    [InputRecorderSession] Generated mouse move events for cursor changes between mouse moves. after=77065.863462222 generatedEvents=1 id=channel-0-input session=0 untilIncluding=77065.871480995
2023-07-26T19:34:06.954+0300 debug    [InputRecorderSession] Generated mouse move events for cursor changes between mouse moves. after=77065.986957735 generatedEvents=1 id=channel-0-input session=0 untilIncluding=77065.99496212
2023-07-26T19:34:06.962+0300 debug    [InputRecorderSession] Generated mouse move events for cursor changes between mouse moves. after=77066.003205022 generatedEvents=1 id=channel-0-input session=0 untilIncluding=77066.011203726
2023-07-26T19:34:06.981+0300 debug    [InputRecorderSession] Generated mouse move events for cursor changes between mouse moves. after=77066.019740063 generatedEvents=1 id=channel-0-input session=0 untilIncluding=77066.027914837
2023-07-26T19:34:07.000+0300 debug    [InputRecorderSession] Generated mouse move events for cursor changes between mouse moves. after=77066.036076532 generatedEvents=1 id=channel-0-input session=0 untilIncluding=77066.044198634
2023-07-26T19:34:07.040+0300 debug    [InputRecorderSession] Generated mouse move events for cursor changes between mouse moves. after=77066.077280212 generatedEvents=1 id=channel-0-input session=0 untilIncluding=77066.08571364
2023-07-26T19:34:07.085+0300 debug    [InputRecorderSession] Generated mouse move events for cursor changes between mouse moves. after=77066.126798407 generatedEvents=1 id=channel-0-input session=0 untilIncluding=77066.135594474
2023-07-26T19:34:11.817+0300 debug    [InputRecorderSession] Generated mouse move events for cursor changes between mouse moves. after=77066.316596497 generatedEvents=3 id=channel-0-input session=0 untilIncluding=77070.863333968
2023-07-26T19:34:12.440+0300 notice   [SignalHandler] Received SIGINT.
2023-07-26T19:34:12.440+0300 warning  [Conductor] Pausing the recording to be able to stop.
2023-07-26T19:34:12.440+0300 debug    [Conductor] Pausing recording.
2023-07-26T19:34:12.440+0300 notice   [Conductor] Recording paused. recordUntil=77071.49193095001
2023-07-26T19:34:12.440+0300 debug    [Conductor] Stopping recording.
2023-07-26T19:34:12.440+0300 debug    [Conductor] Cleaning up recorders. recorders=3
2023-07-26T19:34:12.440+0300 debug    [CursorRecorder] Stopping display link. id=channel-0-cursor
2023-07-26T19:34:12.440+0300 notice   [CursorRecorder] Stopped display link. id=channel-0-cursor
2023-07-26T19:34:12.440+0300 debug    [InputRecorder] Stopping event monitor. id=channel-0-input
2023-07-26T19:34:12.441+0300 debug    [DisplayRecorder: channel-1-display] Completing all session writers id=channel-1-display sessionWriters.count=1
2023-07-26T19:34:12.441+0300 debug    [SessionWriter: channel-1-display-0] Completing recording. id=channel-1-display
2023-07-26T19:34:12.441+0300 debug    [SessionWriter: channel-1-display-0] Waiting for final frames. id=channel-1-display
2023-07-26T19:34:12.441+0300 debug    [CursorRecorder] Writing cursor information to disk. count=18 id=channel-0-cursor url=file:///var/folders/18/k92_mn41589g2w_x9dnxmr4w0000gn/T/Code%202023-07-26%2019:34:03/cursors.json
2023-07-26T19:34:12.441+0300 notice   [SessionWriter: channel-1-display-0] Newer item produced recently, waiting for another second. id=channel-1-display lastItemTime=CMTime(seconds:77071.483771059 timescale:1000000000 value:77071483771059 flags:valid) previousLastItemTime=CMTime(seconds:-inf timescale:0 value:0 flags:valid, negativeInfinity)
2023-07-26T19:34:12.441+0300 notice   [InputRecorder] Stopped globalMonitorForEvents. id=channel-0-input
2023-07-26T19:34:12.441+0300 info     [InputRecorder] Event monitor stopped. id=channel-0-input
2023-07-26T19:34:12.441+0300 debug    [InputRecorder] Stopping cursor change monitor. id=channel-0-input
2023-07-26T19:34:12.441+0300 info     [InputRecorder] Cursor change monitor stopped. id=channel-0-input
2023-07-26T19:34:12.441+0300 debug    [InputRecorder] Finishing sessions. id=channel-0-input
2023-07-26T19:34:12.441+0300 debug    [InputRecorderSession] Generating mouse move events for stationary cursor changes at end of session. id=channel-0-input session=0
2023-07-26T19:34:12.441+0300 notice   [InputRecorderSession] Generated mouse move events for stationary cursor changes at end of session. after=77071.405618743 generatedEvents=0 id=channel-0-input session=0 untilIncluding=77071.49193095001
2023-07-26T19:34:12.442+0300 notice   [InputRecorder] Finished writers. id=channel-0-input
2023-07-26T19:34:12.443+0300 notice   [CursorRecorder] Cursor information written to disk. count=18 id=channel-0-cursor url=file:///var/folders/18/k92_mn41589g2w_x9dnxmr4w0000gn/T/Code%202023-07-26%2019:34:03/cursors.json
2023-07-26T19:34:12.443+0300 debug    [CursorRecorder] Writing cursor images to disk. count=18 id=channel-0-cursor url=file:///var/folders/18/k92_mn41589g2w_x9dnxmr4w0000gn/T/Code%202023-07-26%2019:34:03/cursors/
2023-07-26T19:34:12.466+0300 notice   [SessionWriter: channel-1-display-0] Reporting previous times duration=CMTime(seconds:nan timescale:0 value:0 flags:<empty>) id=channel-1-display newPresentationTime=CMTime(seconds:77071.483771059 timescale:1000000000 value:77071483771059 flags:valid) originalDecodeTime=CMTime(seconds:nan timescale:0 value:0 flags:<empty>) originalPresentationTime=CMTime(seconds:77071.483771059 timescale:1000000000 value:77071483771059 flags:valid)
2023-07-26T19:34:12.466+0300 notice   [SessionWriter: channel-1-display-0] Appending last sample buffer duration=CMTime(seconds:nan timescale:0 value:0 flags:<empty>) id=channel-1-display newPresentationTime=CMTime(seconds:77071.49193095 timescale:1000000000 value:77071491930950 flags:valid, hasBeenRounded) originalDecodeTime=CMTime(seconds:nan timescale:0 value:0 flags:<empty>) originalPresentationTime=CMTime(seconds:77071.483771059 timescale:1000000000 value:77071483771059 flags:valid)
2023-07-26T19:34:12.466+0300 notice   [CursorRecorder] Cursor images are written to disk. count=18 id=channel-0-cursor url=file:///var/folders/18/k92_mn41589g2w_x9dnxmr4w0000gn/T/Code%202023-07-26%2019:34:03/cursors/
2023-07-26T19:34:13.500+0300 notice   [SessionWriter: channel-1-display-0] Waiting for final frames completed. id=channel-1-display systemUptime=77072.551609646
2023-07-26T19:34:13.500+0300 debug    [SessionWriter: channel-1-display-0] Finishing SessionBuffer. id=channel-1-display
2023-07-26T19:34:13.500+0300 notice   [SessionWriter: channel-1-display-0] Finished SessionBuffer. id=channel-1-display
2023-07-26T19:34:13.501+0300 debug    [SessionWriter: channel-1-display-0] Flushing all frames from backpressure buffer. id=channel-1-display itemsInBuffer=0
2023-07-26T19:34:13.501+0300 notice   [SessionWriter: channel-1-display-0] Flushed all frames from backpressure buffer. id=channel-1-display itemsInBuffer=0
2023-07-26T19:34:13.501+0300 debug    [SessionWriter: channel-1-display-0] End session on AVAssetWriter id=channel-1-display sessionEnd=CMTime(seconds:77071.49193095 timescale:1000000000 value:77071491930950 flags:valid, hasBeenRounded)
2023-07-26T19:34:13.541+0300 notice   [SessionWriter: channel-1-display-0] End session on AVAssetWriter id=channel-1-display sessionEnd=CMTime(seconds:77071.49193095 timescale:1000000000 value:77071491930950 flags:valid, hasBeenRounded)
2023-07-26T19:34:13.541+0300 debug    [SessionWriter: channel-1-display-0] Finishing writing to asset writer. id=channel-1-display
2023-07-26T19:34:13.571+0300 notice   [SessionWriter: channel-1-display-0] Finished writing to assset writer. id=channel-1-display
2023-07-26T19:34:13.571+0300 debug    [SessionWriter: channel-1-display-0] Finishing writing to metadata file. id=channel-1-display
2023-07-26T19:34:13.571+0300 notice   [SessionWriter: channel-1-display-0] Finished writing to metadata file. id=channel-1-display
2023-07-26T19:34:13.571+0300 notice   [SessionWriter: channel-1-display-0] Completed recording, returning metadata. framesProcessed (excluding initial Ring buffer)=134 id=channel-1-display
2023-07-26T19:34:13.572+0300 notice   [DisplayRecorder: channel-1-display] Completed all session writers id=channel-1-display sessionWriters.count=1
2023-07-26T19:34:13.572+0300 debug    [DisplayRecorder: channel-1-display] Stopping stream capture. id=channel-1-display
2023-07-26T19:34:13.578+0300 notice   [DisplayRecorder: channel-1-display] Stopped stream capture. id=channel-1-display
2023-07-26T19:34:13.578+0300 debug    [DisplayRecorder: channel-1-display] Clearing frame timeout. id=channel-1-display
2023-07-26T19:34:13.578+0300 notice   [DisplayRecorder: channel-1-display] Cleared frame timeout. id=channel-1-display
2023-07-26T19:34:13.578+0300 debug    [DisplayRecorder: channel-1-display] Returning Metadata from cleanup id=channel-1-display totalFramesProcessed=139
2023-07-26T19:34:13.578+0300 debug    [DisplayRecorder: channel-1-display] Checking if file is undamaged id=channel-1-display url=file:///var/folders/18/k92_mn41589g2w_x9dnxmr4w0000gn/T/Code%202023-07-26%2019:34:03/channel-1-display-0.mp4
2023-07-26T19:34:13.580+0300 debug    [DisplayRecorder: channel-1-display] Loaded duration from file duration=7.261666666666667 id=channel-1-display url=file:///var/folders/18/k92_mn41589g2w_x9dnxmr4w0000gn/T/Code%202023-07-26%2019:34:03/channel-1-display-0.mp4
2023-07-26T19:34:13.580+0300 notice   [Conductor] Finalized recorders. errors=0 metadataCount=3 recorders=3
2023-07-26T19:34:13.580+0300 debug    [Conductor] Writing metadata file. metadataCount=3
2023-07-26T19:34:13.582+0300 notice   [Conductor] Metadata file written. metadataCount=3
2023-07-26T19:34:13.582+0300 debug    [Conductor] Ending latency critical activity.
2023-07-26T19:34:13.582+0300 notice   [Conductor] Ended latency critical activity.
2023-07-26T19:34:13.582+0300 notice   [Conductor] Recording stopped. errorCount=0 metadataCount=3 recorders=3
2023-07-26T19:34:13.583+0300 notice   [Conductor] Stopped recording. sessions=[
from:     77064.231  2023-07-26T19:34:05.179+0300
until:    77071.492  2023-07-26T19:34:12.440+0300
duration: 7.261
]
2023-07-26T19:34:13.583+0300 notice   [Polyrecorder] Nominal recording ended.
