2023-07-26T19:47:39.495+0300 notice   [Polyrecorder] Polyrecorder started. appStart=77878.592134549 modelIdentifier=MacBookPro15,4 operatingSystem=Version 13.0.1 (Build 22A400) systemLaunch=2023-07-25 19:09:40 +0000 version=1.3.1
2023-07-26T19:47:39.496+0300 debug    [Polyrecorder] Accessing active displays
2023-07-26T19:47:39.622+0300 notice   [Polyrecorder] Active displays: [polyrecorder.DisplayDiscovery.Display(displayID: 69734208, bounds: polyrecorder.Bounds(x: 0.0, y: 0.0, width: 1440.0, height: 900.0), refreshRate: 0.0, isMain: true, isBuiltin: true)]
2023-07-26T19:47:39.623+0300 debug    [Polyrecorder] Validating configuration.
2023-07-26T19:47:39.623+0300 notice   [Polyrecorder] Configuration validated: {
  "channels" : [
    {
      "captureKeyStrokes" : true,
      "type" : "input"
    },
    {
      "cropRect" : {
        "y" : 25,
        "height" : 813,
        "x" : 0,
        "yAxis" : "topBasedIncreasingDownwards",
        "width" : 1440
      },
      "type" : "display",
      "excludedWindowIds" : [
        10649,
        10648,
        10647
      ],
      "excludeFinderDesktopIcons" : false,
      "displayId" : 69734208
    }
  ],
  "logLevel" : "debug",
  "outputDirectory" : "\/var\/folders\/18\/k92_mn41589g2w_x9dnxmr4w0000gn\/T\/Code 2023-07-26 19:47:39"
}
2023-07-26T19:47:39.623+0300 debug    [Polyrecorder] Creating output directory. url=file:///var/folders/18/k92_mn41589g2w_x9dnxmr4w0000gn/T/Code%202023-07-26%2019:47:39
2023-07-26T19:47:39.625+0300 notice   [Polyrecorder] Created output directory. url=file:///var/folders/18/k92_mn41589g2w_x9dnxmr4w0000gn/T/Code%202023-07-26%2019:47:39
2023-07-26T19:47:39.625+0300 debug    [Polyrecorder] Redirecting logs to file. url=file:///var/folders/18/k92_mn41589g2w_x9dnxmr4w0000gn/T/Code%202023-07-26%2019:47:39/polyrecorder.log
2023-07-26T19:47:39.626+0300 notice   [Polyrecorder] Redirected logs to file. url=file:///var/folders/18/k92_mn41589g2w_x9dnxmr4w0000gn/T/Code%202023-07-26%2019:47:39/polyrecorder.log
2023-07-26T19:47:39.626+0300 debug    [Polyrecorder] Attaching uncaught exception handler.
2023-07-26T19:47:39.626+0300 notice   [Polyrecorder] Attached uncaught exception handler.
2023-07-26T19:47:39.626+0300 debug    [Polyrecorder] Enabling DAL devices...
2023-07-26T19:47:39.669+0300 notice   [Polyrecorder] Enabled DAL devices.
2023-07-26T19:47:39.669+0300 debug    [Polyrecorder] Creating conductor with recorders. channels=2
2023-07-26T19:47:39.669+0300 debug    [CursorRecorder] Checking if cursor folder/files don't exist yet.
2023-07-26T19:47:39.669+0300 notice   [CursorRecorder] Checked cursor folder/files don't exist yet.
2023-07-26T19:47:39.669+0300 debug    [CursorRecorder] Creating display link. displayId=69734208
2023-07-26T19:47:39.675+0300 notice   [CursorRecorder] Created display link. displayId=69734208
2023-07-26T19:47:39.676+0300 debug    [InputRecorder] Checking input monitoring authorization status. id=channel-0-input
2023-07-26T19:47:39.716+0300 notice   [InputRecorder] Input monitoring is authorized. id=channel-0-input
2023-07-26T19:47:39.777+0300 debug    [DisplayRecorder: channel-1-display] Checking if displayID 69734208 is in Active Displays list id=channel-1-display
2023-07-26T19:47:39.782+0300 debug    [DisplayRecorder: channel-1-display] Creating DisplayRecorderOutput id=channel-1-display
2023-07-26T19:47:39.789+0300 notice   [DisplayRecorder: channel-1-display] Created DisplayRecorderOutput id=channel-1-display output=DisplayRecorderOutput(cropRect: Optional((0.0, 25.0, 1440.0, 813.0)), recordBounds: (0.0, 25.0, 1440.0, 813.0), displayScaleFactor: 2, displayRefreshRate: 30.0, minFrameDuration: CMTime(seconds:0.03333333333333333 timescale:30 value:1 flags:valid), recordingScale: 0.5, assetWriterSettings: polyrecorder.AssetWriterSettings(mediaType: __C.AVMediaType(_rawValue: vide), outputSettings: ["AVVideoWidthKey": 2880, "AVVideoHeightKey": 1626, "AVVideoCompressionPropertiesKey": {
    AllowFrameReordering = 1;
    AverageBitRate = 17678624;
    ExpectedFrameRate = 30;
    H264EntropyMode = CABAC;
    MaxKeyFrameInterval = 30;
    ProfileLevel = "H264_High_AutoLevel";
}, "AVVideoScalingModeKey": AVVideoScalingModeResizeAspect, "AVVideoEncoderSpecificationKey": {
    EnableHardwareAcceleratedVideoEncoder = 1;
}, "AVVideoCodecKey": avc1]))
2023-07-26T19:47:39.789+0300 info     [Polyrecorder] Created conductor with recorders. channels=2 recorders=3
2023-07-26T19:47:39.789+0300 debug    [Polyrecorder] Attaching recorder abortion handler.
2023-07-26T19:47:39.789+0300 notice   [Polyrecorder] Attached recorder abortion handler.
2023-07-26T19:47:39.789+0300 debug    [Polyrecorder] Installing signal handlers on process 5365.
2023-07-26T19:47:39.789+0300 notice   [Polyrecorder] Installed signal handlers on process 5365.
2023-07-26T19:47:39.789+0300 notice   [Polyrecorder] Setup finished.
2023-07-26T19:47:39.790+0300 debug    [Conductor] Starting recording.
2023-07-26T19:47:39.790+0300 debug    [Conductor] Starting latency critical activity.
2023-07-26T19:47:39.792+0300 notice   [Conductor] Started latency critical activity.
2023-07-26T19:47:39.792+0300 debug    [Conductor] Setting up all recorders. recorders=3
2023-07-26T19:47:39.793+0300 debug    [CursorRecorder] Creating cursor image directory. id=channel-0-cursor url=file:///var/folders/18/k92_mn41589g2w_x9dnxmr4w0000gn/T/Code%202023-07-26%2019:47:39/cursors/
2023-07-26T19:47:39.793+0300 debug    [InputRecorder] Starting event monitor. id=channel-0-input
2023-07-26T19:47:39.793+0300 info     [InputRecorder] Event monitor started. id=channel-0-input
2023-07-26T19:47:39.793+0300 notice   [CursorRecorder] Created cursor image directory. id=channel-0-cursor url=file:///var/folders/18/k92_mn41589g2w_x9dnxmr4w0000gn/T/Code%202023-07-26%2019:47:39/cursors/
2023-07-26T19:47:39.793+0300 debug    [DisplayRecorder: channel-1-display] Accessing ShareableContent id=channel-1-display
2023-07-26T19:47:40.001+0300 notice   [DisplayRecorder: channel-1-display] Received ShareableContent attempt=1 id=channel-1-display
2023-07-26T19:47:40.001+0300 debug    [DisplayRecorder: channel-1-display] Creating SCContentFilter from configuration id=channel-1-display
2023-07-26T19:47:40.001+0300 debug    [DisplayRecorder: channel-1-display] Creating SCStream id=channel-1-display streamConfig=SCStreamConfiguration sourceRect:(0.0, 25.0, 1440.0, 813.0) width:2880 height:1626 queueDepth:8
2023-07-26T19:47:40.018+0300 debug    [CursorRecorder] Preloading system cursors. cursors=18 id=channel-0-cursor
2023-07-26T19:47:40.018+0300 notice   [CursorRecorder] Preloaded system cursors. cursors=18 id=channel-0-cursor
2023-07-26T19:47:40.018+0300 debug    [CursorRecorder] Configuring display link output handler. errorRateLimit=10.0 id=channel-0-cursor
2023-07-26T19:47:40.018+0300 info     [CursorRecorder] Display link output handler configured. errorRateLimit=10.0 id=channel-0-cursor
2023-07-26T19:47:40.018+0300 debug    [CursorRecorder] Setting current display on display link. displayId=69734208 id=channel-0-cursor
2023-07-26T19:47:40.019+0300 info     [CursorRecorder] Current display on display link set. displayId=69734208 id=channel-0-cursor
2023-07-26T19:47:40.019+0300 debug    [CursorRecorder] Starting display link. displayId=69734208 id=channel-0-cursor
2023-07-26T19:47:40.019+0300 notice   [CursorRecorder] Started display link. displayId=69734208 id=channel-0-cursor
2023-07-26T19:47:40.064+0300 notice   [CursorRecorder] Refresh rate of current display changed. currentDisplay=69734208 id=channel-0-cursor refreshRate=60 FPS
2023-07-26T19:47:40.149+0300 notice   [DisplayRecorder: channel-1-display] Created SCStream id=channel-1-display
2023-07-26T19:47:40.149+0300 debug    [DisplayRecorder: channel-1-display] Add StreamOutput to capture screen content id=channel-1-display
2023-07-26T19:47:40.149+0300 debug    [DisplayRecorder: channel-1-display] Start stream capture id=channel-1-display
2023-07-26T19:47:40.280+0300 notice   [DisplayRecorder: channel-1-display] Started stream capture id=channel-1-display
2023-07-26T19:47:40.281+0300 debug    [DisplayRecorder: channel-1-display] Waiting for ring buffer to have a frame id=channel-1-display
2023-07-26T19:47:40.326+0300 debug    [DisplayRecorder: channel-1-display] Checking delta of presentation time stamp to host time clock. framePTS=77879.399972623 hostTime=77879.435117497 id=channel-1-display
2023-07-26T19:47:40.326+0300 notice   [DisplayRecorder: channel-1-display] Trivial delta between presentation time stamp to host time clock, will trust frame PTS. framePTS=77879.399972623 hostTime=77879.435117497 hostTimeDelta=0.035144874 id=channel-1-display
2023-07-26T19:47:40.326+0300 notice   [DisplayRecorder: channel-1-display] Ring buffer has a frame id=channel-1-display
2023-07-26T19:47:40.326+0300 notice   [Conductor] Did setup all recorders. recorders=3
2023-07-26T19:47:40.326+0300 debug    [Conductor] Calling prepare on all recorders for session. recorders=3
2023-07-26T19:47:40.327+0300 notice   [InputRecorder] Preparing session. id=channel-0-input sessions=0
2023-07-26T19:47:40.327+0300 debug    [DisplayRecorder: channel-1-display] Creating SessionWriter id=channel-1-display
2023-07-26T19:47:40.327+0300 debug    [SessionWriter: channel-1-display-0] Creating AVAssetWriter id=channel-1-display
2023-07-26T19:47:40.329+0300 notice   [SessionWriter: channel-1-display-0] Created AVAssetWriter id=channel-1-display
2023-07-26T19:47:40.329+0300 debug    [SessionWriter: channel-1-display-0] Add AVAssetWriter.error observation id=channel-1-display
2023-07-26T19:47:40.330+0300 notice   [InputRecorder] Prepared session. id=channel-0-input sessions=1
2023-07-26T19:47:40.330+0300 notice   [SessionWriter: channel-1-display-0] Added AVAssetWriter.error observation id=channel-1-display
2023-07-26T19:47:40.330+0300 debug    [SessionWriter: channel-1-display-0] Creating AVAssetWriterInput id=channel-1-display mediaType=AVMediaType(_rawValue: vide) outputSettings=["AVVideoWidthKey": 2880, "AVVideoHeightKey": 1626, "AVVideoCompressionPropertiesKey": {
    AllowFrameReordering = 1;
    AverageBitRate = 17678624;
    ExpectedFrameRate = 30;
    H264EntropyMode = CABAC;
    MaxKeyFrameInterval = 30;
    ProfileLevel = "H264_High_AutoLevel";
}, "AVVideoScalingModeKey": AVVideoScalingModeResizeAspect, "AVVideoEncoderSpecificationKey": {
    EnableHardwareAcceleratedVideoEncoder = 1;
}, "AVVideoCodecKey": avc1]
2023-07-26T19:47:40.659+0300 debug    [SessionWriter: channel-1-display-0] Adding AVAssetWriterInput to AVAssetWriter. id=channel-1-display
2023-07-26T19:47:40.659+0300 notice   [SessionWriter: channel-1-display-0] Added AVAssetWriterInput to AVAssetWriter id=channel-1-display
2023-07-26T19:47:40.745+0300 debug    [DisplayRecorder: channel-1-display] Processing initial samples from buffer. bufferCount=3 id=channel-1-display
2023-07-26T19:47:40.745+0300 debug    [DisplayRecorder: channel-1-display] Processed initial samples from buffer. bufferCount=3 id=channel-1-display
2023-07-26T19:47:40.745+0300 notice   [DisplayRecorder: channel-1-display] Created SessionWriter id=channel-1-display
2023-07-26T19:47:40.745+0300 notice   [Conductor] Called prepare recorders for session. recorders=3
2023-07-26T19:47:40.745+0300 debug    [Conductor] Broadcasting over stdout that all recorders are prepared. recorders=3
2023-07-26T19:47:40.746+0300 notice   [Conductor] Broadcasted over stdout that all recorders are prepared. recorders=3
2023-07-26T19:47:41.153+0300 notice   [SignalHandler] Received SIGCONT.
2023-07-26T19:47:41.153+0300 debug    [Conductor] Resuming recording.
2023-07-26T19:47:41.153+0300 notice   [Conductor] Recording resumed. recordFrom=77880.262171839
2023-07-26T19:47:41.208+0300 debug    [SessionWriter: channel-1-display-0] Start session on AVAssetWriter id=channel-1-display sessionStart=CMTime(seconds:77880.262171839 timescale:1000000000 value:77880262171839 flags:valid)
2023-07-26T19:47:41.208+0300 notice   [SessionWriter: channel-1-display-0] Started session on AVAssetWriter id=channel-1-display sessionStart=CMTime(seconds:77880.262171839 timescale:1000000000 value:77880262171839 flags:valid)
2023-07-26T19:47:41.208+0300 notice   [SessionWriter: channel-1-display-0] Appending first sample buffer duration=CMTime(seconds:nan timescale:0 value:0 flags:<empty>) id=channel-1-display newPresentationTime=CMTime(seconds:77880.262171839 timescale:1000000000 value:77880262171839 flags:valid) originalDecodeTime=CMTime(seconds:nan timescale:0 value:0 flags:<empty>) originalPresentationTime=CMTime(seconds:77880.238296773 timescale:1000000000 value:77880238296773 flags:valid)
2023-07-26T19:47:41.409+0300 notice   [SessionWriter: channel-1-display-0] Appending second sample buffer duration=CMTime(seconds:nan timescale:0 value:0 flags:<empty>) id=channel-1-display newPresentationTime=CMTime(seconds:77880.323789276 timescale:1000000000 value:77880323789276 flags:valid) originalDecodeTime=CMTime(seconds:nan timescale:0 value:0 flags:<empty>) originalPresentationTime=CMTime(seconds:77880.323789276 timescale:1000000000 value:77880323789276 flags:valid)
2023-07-26T19:47:41.466+0300 warning  [NoBackpressureBuffer: channel-1-display-0] Experiencing backpressure, dropping frame. backpressureBuffer=NoBackpressureBuffer id=channel-1-display presentationTime=77880.546986418
2023-07-26T19:47:42.375+0300 debug    [InputRecorderSession] Generated mouse move events for cursor changes between mouse moves. after=77880.262171839 generatedEvents=1 id=channel-0-input session=0 untilIncluding=77881.477160231
2023-07-26T19:47:42.559+0300 debug    [InputRecorderSession] Generated mouse move events for cursor changes between mouse moves. after=77881.641197793 generatedEvents=1 id=channel-0-input session=0 untilIncluding=77881.649848462
2023-07-26T19:47:42.593+0300 debug    [InputRecorderSession] Generated mouse move events for cursor changes between mouse moves. after=77881.690541505 generatedEvents=1 id=channel-0-input session=0 untilIncluding=77881.698624193
2023-07-26T19:47:42.861+0300 debug    [InputRecorderSession] Generated mouse move events for cursor changes between mouse moves. after=77881.953278485 generatedEvents=1 id=channel-0-input session=0 untilIncluding=77881.961751767
2023-07-26T19:47:42.879+0300 debug    [InputRecorderSession] Generated mouse move events for cursor changes between mouse moves. after=77881.970176497 generatedEvents=1 id=channel-0-input session=0 untilIncluding=77881.97821385
2023-07-26T19:47:42.961+0300 debug    [InputRecorderSession] Generated mouse move events for cursor changes between mouse moves. after=77882.052202601 generatedEvents=1 id=channel-0-input session=0 untilIncluding=77882.060501854
2023-07-26T19:47:43.080+0300 debug    [InputRecorderSession] Generated mouse move events for cursor changes between mouse moves. after=77882.167771784 generatedEvents=1 id=channel-0-input session=0 untilIncluding=77882.175566843
2023-07-26T19:47:46.550+0300 debug    [InputRecorderSession] Generated mouse move events for cursor changes between mouse moves. after=77885.645020597 generatedEvents=1 id=channel-0-input session=0 untilIncluding=77885.653451611
2023-07-26T19:47:46.607+0300 debug    [InputRecorderSession] Generated mouse move events for cursor changes between mouse moves. after=77885.702440903 generatedEvents=1 id=channel-0-input session=0 untilIncluding=77885.711464012
2023-07-26T19:47:46.626+0300 debug    [InputRecorderSession] Generated mouse move events for cursor changes between mouse moves. after=77885.719057413 generatedEvents=1 id=channel-0-input session=0 untilIncluding=77885.727523499
2023-07-26T19:47:46.665+0300 debug    [InputRecorderSession] Generated mouse move events for cursor changes between mouse moves. after=77885.760197916 generatedEvents=1 id=channel-0-input session=0 untilIncluding=77885.768290523
2023-07-26T19:47:46.718+0300 debug    [InputRecorderSession] Generated mouse move events for cursor changes between mouse moves. after=77885.809347648 generatedEvents=1 id=channel-0-input session=0 untilIncluding=77885.817762472
2023-07-26T19:47:47.058+0300 debug    [InputRecorderSession] Generated mouse move events for cursor changes between mouse moves. after=77886.146347456 generatedEvents=1 id=channel-0-input session=0 untilIncluding=77886.154649482
2023-07-26T19:47:47.308+0300 notice   [SignalHandler] Received SIGINT.
2023-07-26T19:47:47.310+0300 warning  [Conductor] Pausing the recording to be able to stop.
2023-07-26T19:47:47.310+0300 debug    [Conductor] Pausing recording.
2023-07-26T19:47:47.310+0300 notice   [Conductor] Recording paused. recordUntil=77886.418923549
2023-07-26T19:47:47.310+0300 debug    [Conductor] Stopping recording.
2023-07-26T19:47:47.310+0300 debug    [Conductor] Cleaning up recorders. recorders=3
2023-07-26T19:47:47.310+0300 debug    [CursorRecorder] Stopping display link. id=channel-0-cursor
2023-07-26T19:47:47.310+0300 debug    [InputRecorder] Stopping event monitor. id=channel-0-input
2023-07-26T19:47:47.311+0300 debug    [DisplayRecorder: channel-1-display] Completing all session writers id=channel-1-display sessionWriters.count=1
2023-07-26T19:47:47.311+0300 debug    [SessionWriter: channel-1-display-0] Completing recording. id=channel-1-display
2023-07-26T19:47:47.311+0300 debug    [SessionWriter: channel-1-display-0] Waiting for final frames. id=channel-1-display
2023-07-26T19:47:47.311+0300 notice   [SessionWriter: channel-1-display-0] Newer item produced recently, waiting for another second. id=channel-1-display lastItemTime=CMTime(seconds:77886.423500986 timescale:1000000000 value:77886423500986 flags:valid) previousLastItemTime=CMTime(seconds:-inf timescale:0 value:0 flags:valid, negativeInfinity)
2023-07-26T19:47:47.311+0300 notice   [CursorRecorder] Stopped display link. id=channel-0-cursor
2023-07-26T19:47:47.311+0300 info     [InputRecorder] Event monitor stopped. id=channel-0-input
2023-07-26T19:47:47.311+0300 debug    [InputRecorder] Stopping cursor change monitor. id=channel-0-input
2023-07-26T19:47:47.311+0300 info     [InputRecorder] Cursor change monitor stopped. id=channel-0-input
2023-07-26T19:47:47.311+0300 debug    [InputRecorder] Finishing sessions. id=channel-0-input
2023-07-26T19:47:47.311+0300 debug    [InputRecorderSession] Generating mouse move events for stationary cursor changes at end of session. id=channel-0-input session=0
2023-07-26T19:47:47.311+0300 notice   [InputRecorderSession] Generated mouse move events for stationary cursor changes at end of session. after=77886.229071131 generatedEvents=0 id=channel-0-input session=0 untilIncluding=77886.418923549
2023-07-26T19:47:47.311+0300 debug    [CursorRecorder] Writing cursor information to disk. count=18 id=channel-0-cursor url=file:///var/folders/18/k92_mn41589g2w_x9dnxmr4w0000gn/T/Code%202023-07-26%2019:47:39/cursors.json
2023-07-26T19:47:47.313+0300 notice   [CursorRecorder] Cursor information written to disk. count=18 id=channel-0-cursor url=file:///var/folders/18/k92_mn41589g2w_x9dnxmr4w0000gn/T/Code%202023-07-26%2019:47:39/cursors.json
2023-07-26T19:47:47.313+0300 debug    [CursorRecorder] Writing cursor images to disk. count=18 id=channel-0-cursor url=file:///var/folders/18/k92_mn41589g2w_x9dnxmr4w0000gn/T/Code%202023-07-26%2019:47:39/cursors/
2023-07-26T19:47:47.315+0300 notice   [InputRecorder] Finished writers. id=channel-0-input
2023-07-26T19:47:47.374+0300 notice   [CursorRecorder] Cursor images are written to disk. count=18 id=channel-0-cursor url=file:///var/folders/18/k92_mn41589g2w_x9dnxmr4w0000gn/T/Code%202023-07-26%2019:47:39/cursors/
2023-07-26T19:47:48.326+0300 notice   [SessionWriter: channel-1-display-0] Waiting for final frames completed. id=channel-1-display systemUptime=77887.435608228
2023-07-26T19:47:48.327+0300 debug    [SessionWriter: channel-1-display-0] Finishing SessionBuffer. id=channel-1-display
2023-07-26T19:47:48.327+0300 notice   [SessionWriter: channel-1-display-0] Finished SessionBuffer. id=channel-1-display
2023-07-26T19:47:48.327+0300 debug    [SessionWriter: channel-1-display-0] Flushing all frames from backpressure buffer. id=channel-1-display itemsInBuffer=0
2023-07-26T19:47:48.327+0300 notice   [SessionWriter: channel-1-display-0] Flushed all frames from backpressure buffer. id=channel-1-display itemsInBuffer=0
2023-07-26T19:47:48.327+0300 debug    [SessionWriter: channel-1-display-0] End session on AVAssetWriter id=channel-1-display sessionEnd=CMTime(seconds:77886.418923549 timescale:1000000000 value:77886418923549 flags:valid)
2023-07-26T19:47:48.343+0300 notice   [SessionWriter: channel-1-display-0] End session on AVAssetWriter id=channel-1-display sessionEnd=CMTime(seconds:77886.418923549 timescale:1000000000 value:77886418923549 flags:valid)
2023-07-26T19:47:48.343+0300 debug    [SessionWriter: channel-1-display-0] Finishing writing to asset writer. id=channel-1-display
2023-07-26T19:47:48.370+0300 notice   [SessionWriter: channel-1-display-0] Finished writing to assset writer. id=channel-1-display
2023-07-26T19:47:48.370+0300 debug    [SessionWriter: channel-1-display-0] Finishing writing to metadata file. id=channel-1-display
2023-07-26T19:47:48.370+0300 notice   [SessionWriter: channel-1-display-0] Finished writing to metadata file. id=channel-1-display
2023-07-26T19:47:48.370+0300 notice   [SessionWriter: channel-1-display-0] Completed recording, returning metadata. framesProcessed (excluding initial Ring buffer)=105 id=channel-1-display
2023-07-26T19:47:48.370+0300 notice   [DisplayRecorder: channel-1-display] Completed all session writers id=channel-1-display sessionWriters.count=1
2023-07-26T19:47:48.370+0300 debug    [DisplayRecorder: channel-1-display] Stopping stream capture. id=channel-1-display
2023-07-26T19:47:48.377+0300 notice   [DisplayRecorder: channel-1-display] Stopped stream capture. id=channel-1-display
2023-07-26T19:47:48.377+0300 debug    [DisplayRecorder: channel-1-display] Clearing frame timeout. id=channel-1-display
2023-07-26T19:47:48.377+0300 notice   [DisplayRecorder: channel-1-display] Cleared frame timeout. id=channel-1-display
2023-07-26T19:47:48.377+0300 debug    [DisplayRecorder: channel-1-display] Returning Metadata from cleanup id=channel-1-display totalFramesProcessed=111
2023-07-26T19:47:48.377+0300 debug    [DisplayRecorder: channel-1-display] Checking if file is undamaged id=channel-1-display url=file:///var/folders/18/k92_mn41589g2w_x9dnxmr4w0000gn/T/Code%202023-07-26%2019:47:39/channel-1-display-0.mp4
2023-07-26T19:47:48.379+0300 debug    [DisplayRecorder: channel-1-display] Loaded duration from file duration=6.156666666666666 id=channel-1-display url=file:///var/folders/18/k92_mn41589g2w_x9dnxmr4w0000gn/T/Code%202023-07-26%2019:47:39/channel-1-display-0.mp4
2023-07-26T19:47:48.379+0300 notice   [Conductor] Finalized recorders. errors=0 metadataCount=3 recorders=3
2023-07-26T19:47:48.379+0300 debug    [Conductor] Writing metadata file. metadataCount=3
2023-07-26T19:47:48.380+0300 notice   [Conductor] Metadata file written. metadataCount=3
2023-07-26T19:47:48.381+0300 debug    [Conductor] Ending latency critical activity.
2023-07-26T19:47:48.381+0300 notice   [Conductor] Ended latency critical activity.
2023-07-26T19:47:48.381+0300 notice   [Conductor] Recording stopped. errorCount=0 metadataCount=3 recorders=3
2023-07-26T19:47:48.382+0300 notice   [Conductor] Stopped recording. sessions=[
from:     77880.262  2023-07-26T19:47:41.153+0300
until:    77886.419  2023-07-26T19:47:47.310+0300
duration: 6.157
]
2023-07-26T19:47:48.382+0300 notice   [Polyrecorder] Nominal recording ended.
