2023-07-26T19:19:23.869+0300 notice   [Polyrecorder] Polyrecorder started. appStart=76182.913068591 modelIdentifier=MacBookPro15,4 operatingSystem=Version 13.0.1 (Build 22A400) systemLaunch=2023-07-25 19:09:40 +0000 version=1.3.1
2023-07-26T19:19:23.869+0300 debug    [Polyrecorder] Accessing active displays
2023-07-26T19:19:23.944+0300 notice   [Polyrecorder] Active displays: [polyrecorder.DisplayDiscovery.Display(displayID: 69734208, bounds: polyrecorder.Bounds(x: 0.0, y: 0.0, width: 1440.0, height: 900.0), refreshRate: 0.0, isMain: true, isBuiltin: true)]
2023-07-26T19:19:23.945+0300 debug    [Polyrecorder] Validating configuration.
2023-07-26T19:19:23.945+0300 notice   [Polyrecorder] Configuration validated: {
  "channels" : [
    {
      "captureKeyStrokes" : true,
      "type" : "input"
    },
    {
      "cropRect" : {
        "y" : 25,
        "height" : 813,
        "x" : 0,
        "yAxis" : "topBasedIncreasingDownwards",
        "width" : 1440
      },
      "type" : "display",
      "excludedWindowIds" : [
        9846,
        9845,
        8461
      ],
      "excludeFinderDesktopIcons" : false,
      "displayId" : 69734208
    }
  ],
  "logLevel" : "debug",
  "outputDirectory" : "\/var\/folders\/18\/k92_mn41589g2w_x9dnxmr4w0000gn\/T\/Code 2023-07-26 19:19:23"
}
2023-07-26T19:19:23.945+0300 debug    [Polyrecorder] Creating output directory. url=file:///var/folders/18/k92_mn41589g2w_x9dnxmr4w0000gn/T/Code%202023-07-26%2019:19:23
2023-07-26T19:19:23.946+0300 notice   [Polyrecorder] Created output directory. url=file:///var/folders/18/k92_mn41589g2w_x9dnxmr4w0000gn/T/Code%202023-07-26%2019:19:23
2023-07-26T19:19:23.946+0300 debug    [Polyrecorder] Redirecting logs to file. url=file:///var/folders/18/k92_mn41589g2w_x9dnxmr4w0000gn/T/Code%202023-07-26%2019:19:23/polyrecorder.log
2023-07-26T19:19:23.947+0300 notice   [Polyrecorder] Redirected logs to file. url=file:///var/folders/18/k92_mn41589g2w_x9dnxmr4w0000gn/T/Code%202023-07-26%2019:19:23/polyrecorder.log
2023-07-26T19:19:23.947+0300 debug    [Polyrecorder] Attaching uncaught exception handler.
2023-07-26T19:19:23.947+0300 notice   [Polyrecorder] Attached uncaught exception handler.
2023-07-26T19:19:23.947+0300 debug    [Polyrecorder] Enabling DAL devices...
2023-07-26T19:19:23.972+0300 notice   [Polyrecorder] Enabled DAL devices.
2023-07-26T19:19:23.972+0300 debug    [Polyrecorder] Creating conductor with recorders. channels=2
2023-07-26T19:19:23.972+0300 debug    [CursorRecorder] Checking if cursor folder/files don't exist yet.
2023-07-26T19:19:23.972+0300 notice   [CursorRecorder] Checked cursor folder/files don't exist yet.
2023-07-26T19:19:23.973+0300 debug    [CursorRecorder] Creating display link. displayId=69734208
2023-07-26T19:19:23.978+0300 notice   [CursorRecorder] Created display link. displayId=69734208
2023-07-26T19:19:23.978+0300 debug    [InputRecorder] Checking input monitoring authorization status. id=channel-0-input
2023-07-26T19:19:24.008+0300 notice   [InputRecorder] Input monitoring is authorized. id=channel-0-input
2023-07-26T19:19:24.050+0300 debug    [DisplayRecorder: channel-1-display] Checking if displayID 69734208 is in Active Displays list id=channel-1-display
2023-07-26T19:19:24.051+0300 debug    [DisplayRecorder: channel-1-display] Creating DisplayRecorderOutput id=channel-1-display
2023-07-26T19:19:24.056+0300 notice   [DisplayRecorder: channel-1-display] Created DisplayRecorderOutput id=channel-1-display output=DisplayRecorderOutput(cropRect: Optional((0.0, 25.0, 1440.0, 813.0)), recordBounds: (0.0, 25.0, 1440.0, 813.0), displayScaleFactor: 2, displayRefreshRate: 30.0, minFrameDuration: CMTime(seconds:0.03333333333333333 timescale:30 value:1 flags:valid), recordingScale: 0.5, assetWriterSettings: polyrecorder.AssetWriterSettings(mediaType: __C.AVMediaType(_rawValue: vide), outputSettings: ["AVVideoCompressionPropertiesKey": {
    AllowFrameReordering = 1;
    AverageBitRate = 17678624;
    ExpectedFrameRate = 30;
    H264EntropyMode = CABAC;
    MaxKeyFrameInterval = 30;
    ProfileLevel = "H264_High_AutoLevel";
}, "AVVideoHeightKey": 1626, "AVVideoWidthKey": 2880, "AVVideoEncoderSpecificationKey": {
    EnableHardwareAcceleratedVideoEncoder = 1;
}, "AVVideoCodecKey": avc1, "AVVideoScalingModeKey": AVVideoScalingModeResizeAspect]))
2023-07-26T19:19:24.056+0300 info     [Polyrecorder] Created conductor with recorders. channels=2 recorders=3
2023-07-26T19:19:24.056+0300 debug    [Polyrecorder] Attaching recorder abortion handler.
2023-07-26T19:19:24.056+0300 notice   [Polyrecorder] Attached recorder abortion handler.
2023-07-26T19:19:24.056+0300 debug    [Polyrecorder] Installing signal handlers on process 2869.
2023-07-26T19:19:24.056+0300 notice   [Polyrecorder] Installed signal handlers on process 2869.
2023-07-26T19:19:24.056+0300 notice   [Polyrecorder] Setup finished.
2023-07-26T19:19:24.056+0300 debug    [Conductor] Starting recording.
2023-07-26T19:19:24.056+0300 debug    [Conductor] Starting latency critical activity.
2023-07-26T19:19:24.058+0300 notice   [Conductor] Started latency critical activity.
2023-07-26T19:19:24.058+0300 debug    [Conductor] Setting up all recorders. recorders=3
2023-07-26T19:19:24.058+0300 debug    [InputRecorder] Starting event monitor. id=channel-0-input
2023-07-26T19:19:24.058+0300 debug    [CursorRecorder] Creating cursor image directory. id=channel-0-cursor url=file:///var/folders/18/k92_mn41589g2w_x9dnxmr4w0000gn/T/Code%202023-07-26%2019:19:23/cursors/
2023-07-26T19:19:24.058+0300 info     [InputRecorder] Event monitor started. id=channel-0-input
2023-07-26T19:19:24.058+0300 debug    [DisplayRecorder: channel-1-display] Accessing ShareableContent id=channel-1-display
2023-07-26T19:19:24.059+0300 notice   [CursorRecorder] Created cursor image directory. id=channel-0-cursor url=file:///var/folders/18/k92_mn41589g2w_x9dnxmr4w0000gn/T/Code%202023-07-26%2019:19:23/cursors/
2023-07-26T19:19:24.166+0300 notice   [DisplayRecorder: channel-1-display] Received ShareableContent attempt=1 id=channel-1-display
2023-07-26T19:19:24.166+0300 debug    [DisplayRecorder: channel-1-display] Creating SCContentFilter from configuration id=channel-1-display
2023-07-26T19:19:24.170+0300 debug    [DisplayRecorder: channel-1-display] Creating SCStream id=channel-1-display streamConfig=SCStreamConfiguration sourceRect:(0.0, 25.0, 1440.0, 813.0) width:2880 height:1626 queueDepth:8
2023-07-26T19:19:24.246+0300 debug    [CursorRecorder] Preloading system cursors. cursors=18 id=channel-0-cursor
2023-07-26T19:19:24.246+0300 notice   [CursorRecorder] Preloaded system cursors. cursors=18 id=channel-0-cursor
2023-07-26T19:19:24.246+0300 debug    [CursorRecorder] Configuring display link output handler. errorRateLimit=10.0 id=channel-0-cursor
2023-07-26T19:19:24.246+0300 info     [CursorRecorder] Display link output handler configured. errorRateLimit=10.0 id=channel-0-cursor
2023-07-26T19:19:24.246+0300 debug    [CursorRecorder] Setting current display on display link. displayId=69734208 id=channel-0-cursor
2023-07-26T19:19:24.246+0300 info     [CursorRecorder] Current display on display link set. displayId=69734208 id=channel-0-cursor
2023-07-26T19:19:24.246+0300 debug    [CursorRecorder] Starting display link. displayId=69734208 id=channel-0-cursor
2023-07-26T19:19:24.246+0300 notice   [CursorRecorder] Started display link. displayId=69734208 id=channel-0-cursor
2023-07-26T19:19:24.256+0300 notice   [CursorRecorder] Refresh rate of current display changed. currentDisplay=69734208 id=channel-0-cursor refreshRate=60 FPS
2023-07-26T19:19:24.261+0300 notice   [DisplayRecorder: channel-1-display] Created SCStream id=channel-1-display
2023-07-26T19:19:24.261+0300 debug    [DisplayRecorder: channel-1-display] Add StreamOutput to capture screen content id=channel-1-display
2023-07-26T19:19:24.261+0300 debug    [DisplayRecorder: channel-1-display] Start stream capture id=channel-1-display
2023-07-26T19:19:24.330+0300 notice   [DisplayRecorder: channel-1-display] Started stream capture id=channel-1-display
2023-07-26T19:19:24.330+0300 debug    [DisplayRecorder: channel-1-display] Waiting for ring buffer to have a frame id=channel-1-display
2023-07-26T19:19:24.355+0300 debug    [DisplayRecorder: channel-1-display] Checking delta of presentation time stamp to host time clock. framePTS=76183.40031641 hostTime=76183.408550012 id=channel-1-display
2023-07-26T19:19:24.355+0300 notice   [DisplayRecorder: channel-1-display] Trivial delta between presentation time stamp to host time clock, will trust frame PTS. framePTS=76183.40031641 hostTime=76183.408550012 hostTimeDelta=0.008233602 id=channel-1-display
2023-07-26T19:19:24.355+0300 notice   [DisplayRecorder: channel-1-display] Ring buffer has a frame id=channel-1-display
2023-07-26T19:19:24.355+0300 notice   [Conductor] Did setup all recorders. recorders=3
2023-07-26T19:19:24.355+0300 debug    [Conductor] Calling prepare on all recorders for session. recorders=3
2023-07-26T19:19:24.355+0300 notice   [InputRecorder] Preparing session. id=channel-0-input sessions=0
2023-07-26T19:19:24.355+0300 debug    [DisplayRecorder: channel-1-display] Creating SessionWriter id=channel-1-display
2023-07-26T19:19:24.356+0300 debug    [SessionWriter: channel-1-display-0] Creating AVAssetWriter id=channel-1-display
2023-07-26T19:19:24.357+0300 notice   [SessionWriter: channel-1-display-0] Created AVAssetWriter id=channel-1-display
2023-07-26T19:19:24.357+0300 debug    [SessionWriter: channel-1-display-0] Add AVAssetWriter.error observation id=channel-1-display
2023-07-26T19:19:24.357+0300 notice   [InputRecorder] Prepared session. id=channel-0-input sessions=1
2023-07-26T19:19:24.357+0300 notice   [SessionWriter: channel-1-display-0] Added AVAssetWriter.error observation id=channel-1-display
2023-07-26T19:19:24.357+0300 debug    [SessionWriter: channel-1-display-0] Creating AVAssetWriterInput id=channel-1-display mediaType=AVMediaType(_rawValue: vide) outputSettings=["AVVideoCompressionPropertiesKey": {
    AllowFrameReordering = 1;
    AverageBitRate = 17678624;
    ExpectedFrameRate = 30;
    H264EntropyMode = CABAC;
    MaxKeyFrameInterval = 30;
    ProfileLevel = "H264_High_AutoLevel";
}, "AVVideoHeightKey": 1626, "AVVideoWidthKey": 2880, "AVVideoEncoderSpecificationKey": {
    EnableHardwareAcceleratedVideoEncoder = 1;
}, "AVVideoCodecKey": avc1, "AVVideoScalingModeKey": AVVideoScalingModeResizeAspect]
2023-07-26T19:19:24.517+0300 debug    [SessionWriter: channel-1-display-0] Adding AVAssetWriterInput to AVAssetWriter. id=channel-1-display
2023-07-26T19:19:24.517+0300 notice   [SessionWriter: channel-1-display-0] Added AVAssetWriterInput to AVAssetWriter id=channel-1-display
2023-07-26T19:19:24.576+0300 debug    [DisplayRecorder: channel-1-display] Processing initial samples from buffer. bufferCount=3 id=channel-1-display
2023-07-26T19:19:24.577+0300 debug    [DisplayRecorder: channel-1-display] Processed initial samples from buffer. bufferCount=3 id=channel-1-display
2023-07-26T19:19:24.577+0300 notice   [DisplayRecorder: channel-1-display] Created SessionWriter id=channel-1-display
2023-07-26T19:19:24.577+0300 notice   [Conductor] Called prepare recorders for session. recorders=3
2023-07-26T19:19:24.577+0300 debug    [Conductor] Broadcasting over stdout that all recorders are prepared. recorders=3
2023-07-26T19:19:24.577+0300 notice   [Conductor] Broadcasted over stdout that all recorders are prepared. recorders=3
2023-07-26T19:19:24.979+0300 notice   [SignalHandler] Received SIGCONT.
2023-07-26T19:19:24.979+0300 debug    [Conductor] Resuming recording.
2023-07-26T19:19:24.979+0300 notice   [Conductor] Recording resumed. recordFrom=76184.032776645
2023-07-26T19:19:24.980+0300 debug    [SessionWriter: channel-1-display-0] Start session on AVAssetWriter id=channel-1-display sessionStart=CMTime(seconds:76184.032776645 timescale:1000000000 value:76184032776645 flags:valid)
2023-07-26T19:19:24.980+0300 notice   [SessionWriter: channel-1-display-0] Started session on AVAssetWriter id=channel-1-display sessionStart=CMTime(seconds:76184.032776645 timescale:1000000000 value:76184032776645 flags:valid)
2023-07-26T19:19:24.980+0300 notice   [SessionWriter: channel-1-display-0] Appending first sample buffer duration=CMTime(seconds:nan timescale:0 value:0 flags:<empty>) id=channel-1-display newPresentationTime=CMTime(seconds:76184.032776645 timescale:1000000000 value:76184032776645 flags:valid) originalDecodeTime=CMTime(seconds:nan timescale:0 value:0 flags:<empty>) originalPresentationTime=CMTime(seconds:76184.001564447 timescale:1000000000 value:76184001564447 flags:valid)
2023-07-26T19:19:25.068+0300 notice   [SessionWriter: channel-1-display-0] Appending second sample buffer duration=CMTime(seconds:nan timescale:0 value:0 flags:<empty>) id=channel-1-display newPresentationTime=CMTime(seconds:76184.034885548 timescale:1000000000 value:76184034885548 flags:valid) originalDecodeTime=CMTime(seconds:nan timescale:0 value:0 flags:<empty>) originalPresentationTime=CMTime(seconds:76184.034885548 timescale:1000000000 value:76184034885548 flags:valid)
2023-07-26T19:19:25.906+0300 debug    [InputRecorderSession] Generated mouse move events for cursor changes between mouse moves. after=76184.032776645 generatedEvents=1 id=channel-0-input session=0 untilIncluding=76184.956329939
2023-07-26T19:19:26.123+0300 debug    [InputRecorderSession] Generated mouse move events for cursor changes between mouse moves. after=76185.161894391 generatedEvents=1 id=channel-0-input session=0 untilIncluding=76185.169708253
2023-07-26T19:19:26.201+0300 debug    [InputRecorderSession] Generated mouse move events for cursor changes between mouse moves. after=76185.244006337 generatedEvents=1 id=channel-0-input session=0 untilIncluding=76185.252531642
2023-07-26T19:19:26.748+0300 debug    [InputRecorderSession] Generated mouse move events for cursor changes between mouse moves. after=76185.779378731 generatedEvents=1 id=channel-0-input session=0 untilIncluding=76185.787415814
2023-07-26T19:19:27.646+0300 debug    [InputRecorderSession] Generated mouse move events for cursor changes between mouse moves. after=76186.683373658 generatedEvents=1 id=channel-0-input session=0 untilIncluding=76186.691647045
2023-07-26T19:19:27.683+0300 debug    [InputRecorderSession] Generated mouse move events for cursor changes between mouse moves. after=76186.716145949 generatedEvents=1 id=channel-0-input session=0 untilIncluding=76186.72435102
2023-07-26T19:19:27.933+0300 debug    [InputRecorderSession] Generated mouse move events for cursor changes between mouse moves. after=76186.970943811 generatedEvents=1 id=channel-0-input session=0 untilIncluding=76186.979062712
2023-07-26T19:19:28.135+0300 debug    [InputRecorderSession] Generated mouse move events for cursor changes between mouse moves. after=76187.168256916 generatedEvents=1 id=channel-0-input session=0 untilIncluding=76187.184923288
2023-07-26T19:19:29.568+0300 debug    [InputRecorderSession] Generated mouse move events for cursor changes between mouse moves. after=76188.607537781 generatedEvents=1 id=channel-0-input session=0 untilIncluding=76188.615932634
2023-07-26T19:19:30.032+0300 debug    [InputRecorderSession] Generated mouse move events for cursor changes between mouse moves. after=76189.067454331 generatedEvents=1 id=channel-0-input session=0 untilIncluding=76189.075563524
2023-07-26T19:19:30.499+0300 notice   [SignalHandler] Received SIGINT.
2023-07-26T19:19:30.499+0300 warning  [Conductor] Pausing the recording to be able to stop.
2023-07-26T19:19:30.499+0300 debug    [Conductor] Pausing recording.
2023-07-26T19:19:30.499+0300 notice   [Conductor] Recording paused. recordUntil=76189.55268476301
2023-07-26T19:19:30.499+0300 debug    [Conductor] Stopping recording.
2023-07-26T19:19:30.499+0300 debug    [Conductor] Cleaning up recorders. recorders=3
2023-07-26T19:19:30.499+0300 debug    [CursorRecorder] Stopping display link. id=channel-0-cursor
2023-07-26T19:19:30.499+0300 debug    [InputRecorder] Stopping event monitor. id=channel-0-input
2023-07-26T19:19:30.499+0300 debug    [DisplayRecorder: channel-1-display] Completing all session writers id=channel-1-display sessionWriters.count=1
2023-07-26T19:19:30.500+0300 debug    [SessionWriter: channel-1-display-0] Completing recording. id=channel-1-display
2023-07-26T19:19:30.500+0300 debug    [SessionWriter: channel-1-display-0] Waiting for final frames. id=channel-1-display
2023-07-26T19:19:30.500+0300 notice   [SessionWriter: channel-1-display-0] Newer item produced recently, waiting for another second. id=channel-1-display lastItemTime=CMTime(seconds:76189.52825903 timescale:1000000000 value:76189528259030 flags:valid) previousLastItemTime=CMTime(seconds:-inf timescale:0 value:0 flags:valid, negativeInfinity)
2023-07-26T19:19:30.500+0300 info     [InputRecorder] Event monitor stopped. id=channel-0-input
2023-07-26T19:19:30.500+0300 debug    [InputRecorder] Stopping cursor change monitor. id=channel-0-input
2023-07-26T19:19:30.500+0300 info     [InputRecorder] Cursor change monitor stopped. id=channel-0-input
2023-07-26T19:19:30.500+0300 debug    [InputRecorder] Finishing sessions. id=channel-0-input
2023-07-26T19:19:30.500+0300 debug    [InputRecorderSession] Generating mouse move events for stationary cursor changes at end of session. id=channel-0-input session=0
2023-07-26T19:19:30.500+0300 notice   [InputRecorderSession] Generated mouse move events for stationary cursor changes at end of session. after=76189.533866496 generatedEvents=0 id=channel-0-input session=0 untilIncluding=76189.55268476301
2023-07-26T19:19:30.501+0300 notice   [InputRecorder] Finished writers. id=channel-0-input
2023-07-26T19:19:30.501+0300 notice   [CursorRecorder] Stopped display link. id=channel-0-cursor
2023-07-26T19:19:30.501+0300 debug    [CursorRecorder] Writing cursor information to disk. count=18 id=channel-0-cursor url=file:///var/folders/18/k92_mn41589g2w_x9dnxmr4w0000gn/T/Code%202023-07-26%2019:19:23/cursors.json
2023-07-26T19:19:30.502+0300 notice   [SessionWriter: channel-1-display-0] Reporting previous times duration=CMTime(seconds:nan timescale:0 value:0 flags:<empty>) id=channel-1-display newPresentationTime=CMTime(seconds:76189.52825903 timescale:1000000000 value:76189528259030 flags:valid) originalDecodeTime=CMTime(seconds:nan timescale:0 value:0 flags:<empty>) originalPresentationTime=CMTime(seconds:76189.52825903 timescale:1000000000 value:76189528259030 flags:valid)
2023-07-26T19:19:30.502+0300 notice   [CursorRecorder] Cursor information written to disk. count=18 id=channel-0-cursor url=file:///var/folders/18/k92_mn41589g2w_x9dnxmr4w0000gn/T/Code%202023-07-26%2019:19:23/cursors.json
2023-07-26T19:19:30.503+0300 notice   [SessionWriter: channel-1-display-0] Appending last sample buffer duration=CMTime(seconds:nan timescale:0 value:0 flags:<empty>) id=channel-1-display newPresentationTime=CMTime(seconds:76189.552684763 timescale:1000000000 value:76189552684763 flags:valid, hasBeenRounded) originalDecodeTime=CMTime(seconds:nan timescale:0 value:0 flags:<empty>) originalPresentationTime=CMTime(seconds:76189.52825903 timescale:1000000000 value:76189528259030 flags:valid)
2023-07-26T19:19:30.503+0300 debug    [CursorRecorder] Writing cursor images to disk. count=18 id=channel-0-cursor url=file:///var/folders/18/k92_mn41589g2w_x9dnxmr4w0000gn/T/Code%202023-07-26%2019:19:23/cursors/
2023-07-26T19:19:30.525+0300 notice   [CursorRecorder] Cursor images are written to disk. count=18 id=channel-0-cursor url=file:///var/folders/18/k92_mn41589g2w_x9dnxmr4w0000gn/T/Code%202023-07-26%2019:19:23/cursors/
2023-07-26T19:19:31.542+0300 notice   [SessionWriter: channel-1-display-0] Waiting for final frames completed. id=channel-1-display systemUptime=76190.595511819
2023-07-26T19:19:31.542+0300 debug    [SessionWriter: channel-1-display-0] Finishing SessionBuffer. id=channel-1-display
2023-07-26T19:19:31.542+0300 notice   [SessionWriter: channel-1-display-0] Finished SessionBuffer. id=channel-1-display
2023-07-26T19:19:31.542+0300 debug    [SessionWriter: channel-1-display-0] Flushing all frames from backpressure buffer. id=channel-1-display itemsInBuffer=0
2023-07-26T19:19:31.543+0300 notice   [SessionWriter: channel-1-display-0] Flushed all frames from backpressure buffer. id=channel-1-display itemsInBuffer=0
2023-07-26T19:19:31.543+0300 debug    [SessionWriter: channel-1-display-0] End session on AVAssetWriter id=channel-1-display sessionEnd=CMTime(seconds:76189.552684763 timescale:1000000000 value:76189552684763 flags:valid, hasBeenRounded)
2023-07-26T19:19:31.580+0300 notice   [SessionWriter: channel-1-display-0] End session on AVAssetWriter id=channel-1-display sessionEnd=CMTime(seconds:76189.552684763 timescale:1000000000 value:76189552684763 flags:valid, hasBeenRounded)
2023-07-26T19:19:31.580+0300 debug    [SessionWriter: channel-1-display-0] Finishing writing to asset writer. id=channel-1-display
2023-07-26T19:19:31.612+0300 notice   [SessionWriter: channel-1-display-0] Finished writing to assset writer. id=channel-1-display
2023-07-26T19:19:31.612+0300 debug    [SessionWriter: channel-1-display-0] Finishing writing to metadata file. id=channel-1-display
2023-07-26T19:19:31.612+0300 notice   [SessionWriter: channel-1-display-0] Finished writing to metadata file. id=channel-1-display
2023-07-26T19:19:31.612+0300 notice   [SessionWriter: channel-1-display-0] Completed recording, returning metadata. framesProcessed (excluding initial Ring buffer)=78 id=channel-1-display
2023-07-26T19:19:31.612+0300 notice   [DisplayRecorder: channel-1-display] Completed all session writers id=channel-1-display sessionWriters.count=1
2023-07-26T19:19:31.612+0300 debug    [DisplayRecorder: channel-1-display] Stopping stream capture. id=channel-1-display
2023-07-26T19:19:31.620+0300 notice   [DisplayRecorder: channel-1-display] Stopped stream capture. id=channel-1-display
2023-07-26T19:19:31.620+0300 debug    [DisplayRecorder: channel-1-display] Clearing frame timeout. id=channel-1-display
2023-07-26T19:19:31.620+0300 notice   [DisplayRecorder: channel-1-display] Cleared frame timeout. id=channel-1-display
2023-07-26T19:19:31.620+0300 debug    [DisplayRecorder: channel-1-display] Returning Metadata from cleanup id=channel-1-display totalFramesProcessed=82
2023-07-26T19:19:31.620+0300 debug    [DisplayRecorder: channel-1-display] Checking if file is undamaged id=channel-1-display url=file:///var/folders/18/k92_mn41589g2w_x9dnxmr4w0000gn/T/Code%202023-07-26%2019:19:23/channel-1-display-0.mp4
2023-07-26T19:19:31.622+0300 debug    [DisplayRecorder: channel-1-display] Loaded duration from file duration=5.52 id=channel-1-display url=file:///var/folders/18/k92_mn41589g2w_x9dnxmr4w0000gn/T/Code%202023-07-26%2019:19:23/channel-1-display-0.mp4
2023-07-26T19:19:31.622+0300 notice   [Conductor] Finalized recorders. errors=0 metadataCount=3 recorders=3
2023-07-26T19:19:31.622+0300 debug    [Conductor] Writing metadata file. metadataCount=3
2023-07-26T19:19:31.624+0300 notice   [Conductor] Metadata file written. metadataCount=3
2023-07-26T19:19:31.624+0300 debug    [Conductor] Ending latency critical activity.
2023-07-26T19:19:31.624+0300 notice   [Conductor] Ended latency critical activity.
2023-07-26T19:19:31.624+0300 notice   [Conductor] Recording stopped. errorCount=0 metadataCount=3 recorders=3
2023-07-26T19:19:31.625+0300 notice   [Conductor] Stopped recording. sessions=[
from:     76184.033  2023-07-26T19:19:24.979+0300
until:    76189.553  2023-07-26T19:19:30.499+0300
duration: 5.520
]
2023-07-26T19:19:31.625+0300 notice   [Polyrecorder] Nominal recording ended.
