2023-07-26T18:45:16.118+0300 notice   [Polyrecorder] Polyrecorder started. appStart=74135.169312126 modelIdentifier=MacBookPro15,4 operatingSystem=Version 13.0.1 (Build 22A400) systemLaunch=2023-07-25 19:09:40 +0000 version=1.3.1
2023-07-26T18:45:16.118+0300 debug    [Polyrecorder] Accessing active displays
2023-07-26T18:45:16.184+0300 notice   [Polyrecorder] Active displays: [polyrecorder.DisplayDiscovery.Display(displayID: 69734208, bounds: polyrecorder.Bounds(x: 0.0, y: 0.0, width: 1440.0, height: 900.0), refreshRate: 0.0, isMain: true, isBuiltin: true)]
2023-07-26T18:45:16.184+0300 debug    [Polyrecorder] Validating configuration.
2023-07-26T18:45:16.185+0300 notice   [Polyrecorder] Configuration validated: {
  "channels" : [
    {
      "captureKeyStrokes" : true,
      "type" : "input"
    },
    {
      "cropRect" : {
        "y" : 25,
        "height" : 813,
        "x" : 0,
        "yAxis" : "topBasedIncreasingDownwards",
        "width" : 1440
      },
      "type" : "display",
      "excludedWindowIds" : [
        8461,
        8821
      ],
      "excludeFinderDesktopIcons" : false,
      "displayId" : 69734208
    }
  ],
  "logLevel" : "debug",
  "outputDirectory" : "\/var\/folders\/18\/k92_mn41589g2w_x9dnxmr4w0000gn\/T\/Code 2023-07-26 18:45:03"
}
2023-07-26T18:45:16.185+0300 debug    [Polyrecorder] Creating output directory. url=file:///var/folders/18/k92_mn41589g2w_x9dnxmr4w0000gn/T/Code%202023-07-26%2018:45:03
2023-07-26T18:45:16.185+0300 notice   [Polyrecorder] Created output directory. url=file:///var/folders/18/k92_mn41589g2w_x9dnxmr4w0000gn/T/Code%202023-07-26%2018:45:03
2023-07-26T18:45:16.185+0300 debug    [Polyrecorder] Redirecting logs to file. url=file:///var/folders/18/k92_mn41589g2w_x9dnxmr4w0000gn/T/Code%202023-07-26%2018:45:03/polyrecorder.log
2023-07-26T18:45:16.186+0300 notice   [Polyrecorder] Redirected logs to file. url=file:///var/folders/18/k92_mn41589g2w_x9dnxmr4w0000gn/T/Code%202023-07-26%2018:45:03/polyrecorder.log
2023-07-26T18:45:16.186+0300 debug    [Polyrecorder] Attaching uncaught exception handler.
2023-07-26T18:45:16.186+0300 notice   [Polyrecorder] Attached uncaught exception handler.
2023-07-26T18:45:16.186+0300 debug    [Polyrecorder] Enabling DAL devices...
2023-07-26T18:45:16.207+0300 notice   [Polyrecorder] Enabled DAL devices.
2023-07-26T18:45:16.207+0300 debug    [Polyrecorder] Creating conductor with recorders. channels=2
2023-07-26T18:45:16.207+0300 debug    [CursorRecorder] Checking if cursor folder/files don't exist yet.
2023-07-26T18:45:16.207+0300 notice   [CursorRecorder] Checked cursor folder/files don't exist yet.
2023-07-26T18:45:16.207+0300 debug    [CursorRecorder] Creating display link. displayId=69734208
2023-07-26T18:45:16.211+0300 notice   [CursorRecorder] Created display link. displayId=69734208
2023-07-26T18:45:16.211+0300 debug    [InputRecorder] Checking input monitoring authorization status. id=channel-0-input
2023-07-26T18:45:16.230+0300 notice   [InputRecorder] Input monitoring is authorized. id=channel-0-input
2023-07-26T18:45:16.262+0300 debug    [DisplayRecorder: channel-1-display] Checking if displayID 69734208 is in Active Displays list id=channel-1-display
2023-07-26T18:45:16.262+0300 debug    [DisplayRecorder: channel-1-display] Creating DisplayRecorderOutput id=channel-1-display
2023-07-26T18:45:16.265+0300 notice   [DisplayRecorder: channel-1-display] Created DisplayRecorderOutput id=channel-1-display output=DisplayRecorderOutput(cropRect: Optional((0.0, 25.0, 1440.0, 813.0)), recordBounds: (0.0, 25.0, 1440.0, 813.0), displayScaleFactor: 2, displayRefreshRate: 30.0, minFrameDuration: CMTime(seconds:0.03333333333333333 timescale:30 value:1 flags:valid), recordingScale: 0.5, assetWriterSettings: polyrecorder.AssetWriterSettings(mediaType: __C.AVMediaType(_rawValue: vide), outputSettings: ["AVVideoEncoderSpecificationKey": {
    EnableHardwareAcceleratedVideoEncoder = 1;
}, "AVVideoCodecKey": avc1, "AVVideoCompressionPropertiesKey": {
    AllowFrameReordering = 1;
    AverageBitRate = 17678624;
    ExpectedFrameRate = 30;
    H264EntropyMode = CABAC;
    MaxKeyFrameInterval = 30;
    ProfileLevel = "H264_High_AutoLevel";
}, "AVVideoScalingModeKey": AVVideoScalingModeResizeAspect, "AVVideoHeightKey": 1626, "AVVideoWidthKey": 2880]))
2023-07-26T18:45:16.265+0300 info     [Polyrecorder] Created conductor with recorders. channels=2 recorders=3
2023-07-26T18:45:16.265+0300 debug    [Polyrecorder] Attaching recorder abortion handler.
2023-07-26T18:45:16.266+0300 notice   [Polyrecorder] Attached recorder abortion handler.
2023-07-26T18:45:16.266+0300 debug    [Polyrecorder] Installing signal handlers on process 99531.
2023-07-26T18:45:16.266+0300 notice   [Polyrecorder] Installed signal handlers on process 99531.
2023-07-26T18:45:16.266+0300 notice   [Polyrecorder] Setup finished.
2023-07-26T18:45:16.266+0300 debug    [Conductor] Starting recording.
2023-07-26T18:45:16.266+0300 debug    [Conductor] Starting latency critical activity.
2023-07-26T18:45:16.267+0300 notice   [Conductor] Started latency critical activity.
2023-07-26T18:45:16.267+0300 debug    [Conductor] Setting up all recorders. recorders=3
2023-07-26T18:45:16.267+0300 debug    [CursorRecorder] Creating cursor image directory. id=channel-0-cursor url=file:///var/folders/18/k92_mn41589g2w_x9dnxmr4w0000gn/T/Code%202023-07-26%2018:45:03/cursors/
2023-07-26T18:45:16.267+0300 debug    [InputRecorder] Starting event monitor. id=channel-0-input
2023-07-26T18:45:16.267+0300 debug    [DisplayRecorder: channel-1-display] Accessing ShareableContent id=channel-1-display
2023-07-26T18:45:16.267+0300 info     [InputRecorder] Event monitor started. id=channel-0-input
2023-07-26T18:45:16.268+0300 notice   [CursorRecorder] Created cursor image directory. id=channel-0-cursor url=file:///var/folders/18/k92_mn41589g2w_x9dnxmr4w0000gn/T/Code%202023-07-26%2018:45:03/cursors/
2023-07-26T18:45:16.328+0300 debug    [CursorRecorder] Preloading system cursors. cursors=18 id=channel-0-cursor
2023-07-26T18:45:16.329+0300 notice   [CursorRecorder] Preloaded system cursors. cursors=18 id=channel-0-cursor
2023-07-26T18:45:16.329+0300 debug    [CursorRecorder] Configuring display link output handler. errorRateLimit=10.0 id=channel-0-cursor
2023-07-26T18:45:16.329+0300 info     [CursorRecorder] Display link output handler configured. errorRateLimit=10.0 id=channel-0-cursor
2023-07-26T18:45:16.329+0300 debug    [CursorRecorder] Setting current display on display link. displayId=69734208 id=channel-0-cursor
2023-07-26T18:45:16.329+0300 info     [CursorRecorder] Current display on display link set. displayId=69734208 id=channel-0-cursor
2023-07-26T18:45:16.329+0300 debug    [CursorRecorder] Starting display link. displayId=69734208 id=channel-0-cursor
2023-07-26T18:45:16.329+0300 notice   [CursorRecorder] Started display link. displayId=69734208 id=channel-0-cursor
2023-07-26T18:45:16.332+0300 notice   [DisplayRecorder: channel-1-display] Received ShareableContent attempt=1 id=channel-1-display
2023-07-26T18:45:16.333+0300 debug    [DisplayRecorder: channel-1-display] Creating SCContentFilter from configuration id=channel-1-display
2023-07-26T18:45:16.333+0300 debug    [DisplayRecorder: channel-1-display] Creating SCStream id=channel-1-display streamConfig=SCStreamConfiguration sourceRect:(0.0, 25.0, 1440.0, 813.0) width:2880 height:1626 queueDepth:8
2023-07-26T18:45:16.345+0300 notice   [CursorRecorder] Refresh rate of current display changed. currentDisplay=69734208 id=channel-0-cursor refreshRate=60 FPS
2023-07-26T18:45:16.402+0300 notice   [DisplayRecorder: channel-1-display] Created SCStream id=channel-1-display
2023-07-26T18:45:16.402+0300 debug    [DisplayRecorder: channel-1-display] Add StreamOutput to capture screen content id=channel-1-display
2023-07-26T18:45:16.402+0300 debug    [DisplayRecorder: channel-1-display] Start stream capture id=channel-1-display
2023-07-26T18:45:16.446+0300 notice   [DisplayRecorder: channel-1-display] Started stream capture id=channel-1-display
2023-07-26T18:45:16.446+0300 debug    [DisplayRecorder: channel-1-display] Waiting for ring buffer to have a frame id=channel-1-display
2023-07-26T18:45:16.472+0300 debug    [DisplayRecorder: channel-1-display] Checking delta of presentation time stamp to host time clock. framePTS=74135.529610336 hostTime=74135.529812897 id=channel-1-display
2023-07-26T18:45:16.472+0300 notice   [DisplayRecorder: channel-1-display] Trivial delta between presentation time stamp to host time clock, will trust frame PTS. framePTS=74135.529610336 hostTime=74135.529812897 hostTimeDelta=0.000202561 id=channel-1-display
2023-07-26T18:45:16.472+0300 notice   [DisplayRecorder: channel-1-display] Ring buffer has a frame id=channel-1-display
2023-07-26T18:45:16.472+0300 notice   [Conductor] Did setup all recorders. recorders=3
2023-07-26T18:45:16.472+0300 debug    [Conductor] Calling prepare on all recorders for session. recorders=3
2023-07-26T18:45:16.473+0300 notice   [InputRecorder] Preparing session. id=channel-0-input sessions=0
2023-07-26T18:45:16.473+0300 debug    [DisplayRecorder: channel-1-display] Creating SessionWriter id=channel-1-display
2023-07-26T18:45:16.473+0300 debug    [SessionWriter: channel-1-display-0] Creating AVAssetWriter id=channel-1-display
2023-07-26T18:45:16.474+0300 notice   [SessionWriter: channel-1-display-0] Created AVAssetWriter id=channel-1-display
2023-07-26T18:45:16.474+0300 notice   [InputRecorder] Prepared session. id=channel-0-input sessions=1
2023-07-26T18:45:16.474+0300 debug    [SessionWriter: channel-1-display-0] Add AVAssetWriter.error observation id=channel-1-display
2023-07-26T18:45:16.474+0300 notice   [SessionWriter: channel-1-display-0] Added AVAssetWriter.error observation id=channel-1-display
2023-07-26T18:45:16.474+0300 debug    [SessionWriter: channel-1-display-0] Creating AVAssetWriterInput id=channel-1-display mediaType=AVMediaType(_rawValue: vide) outputSettings=["AVVideoEncoderSpecificationKey": {
    EnableHardwareAcceleratedVideoEncoder = 1;
}, "AVVideoCodecKey": avc1, "AVVideoCompressionPropertiesKey": {
    AllowFrameReordering = 1;
    AverageBitRate = 17678624;
    ExpectedFrameRate = 30;
    H264EntropyMode = CABAC;
    MaxKeyFrameInterval = 30;
    ProfileLevel = "H264_High_AutoLevel";
}, "AVVideoScalingModeKey": AVVideoScalingModeResizeAspect, "AVVideoHeightKey": 1626, "AVVideoWidthKey": 2880]
2023-07-26T18:45:16.607+0300 debug    [SessionWriter: channel-1-display-0] Adding AVAssetWriterInput to AVAssetWriter. id=channel-1-display
2023-07-26T18:45:16.607+0300 notice   [SessionWriter: channel-1-display-0] Added AVAssetWriterInput to AVAssetWriter id=channel-1-display
2023-07-26T18:45:16.643+0300 debug    [DisplayRecorder: channel-1-display] Processing initial samples from buffer. bufferCount=1 id=channel-1-display
2023-07-26T18:45:16.643+0300 debug    [DisplayRecorder: channel-1-display] Processed initial samples from buffer. bufferCount=1 id=channel-1-display
2023-07-26T18:45:16.643+0300 notice   [DisplayRecorder: channel-1-display] Created SessionWriter id=channel-1-display
2023-07-26T18:45:16.643+0300 notice   [Conductor] Called prepare recorders for session. recorders=3
2023-07-26T18:45:16.643+0300 debug    [Conductor] Broadcasting over stdout that all recorders are prepared. recorders=3
2023-07-26T18:45:16.643+0300 notice   [Conductor] Broadcasted over stdout that all recorders are prepared. recorders=3
2023-07-26T18:45:17.049+0300 notice   [SignalHandler] Received SIGCONT.
2023-07-26T18:45:17.050+0300 debug    [Conductor] Resuming recording.
2023-07-26T18:45:17.050+0300 notice   [Conductor] Recording resumed. recordFrom=74136.10745703301
2023-07-26T18:45:17.102+0300 debug    [SessionWriter: channel-1-display-0] Start session on AVAssetWriter id=channel-1-display sessionStart=CMTime(seconds:74136.107457033 timescale:1000000000 value:74136107457033 flags:valid, hasBeenRounded)
2023-07-26T18:45:17.102+0300 notice   [SessionWriter: channel-1-display-0] Started session on AVAssetWriter id=channel-1-display sessionStart=CMTime(seconds:74136.107457033 timescale:1000000000 value:74136107457033 flags:valid, hasBeenRounded)
2023-07-26T18:45:17.102+0300 notice   [SessionWriter: channel-1-display-0] Appending first sample buffer duration=CMTime(seconds:nan timescale:0 value:0 flags:<empty>) id=channel-1-display newPresentationTime=CMTime(seconds:74136.107457033 timescale:1000000000 value:74136107457033 flags:valid, hasBeenRounded) originalDecodeTime=CMTime(seconds:nan timescale:0 value:0 flags:<empty>) originalPresentationTime=CMTime(seconds:74135.529610336 timescale:1000000000 value:74135529610336 flags:valid)
2023-07-26T18:45:17.169+0300 notice   [SessionWriter: channel-1-display-0] Appending second sample buffer duration=CMTime(seconds:nan timescale:0 value:0 flags:<empty>) id=channel-1-display newPresentationTime=CMTime(seconds:74136.16293525 timescale:1000000000 value:74136162935250 flags:valid) originalDecodeTime=CMTime(seconds:nan timescale:0 value:0 flags:<empty>) originalPresentationTime=CMTime(seconds:74136.16293525 timescale:1000000000 value:74136162935250 flags:valid)
2023-07-26T18:45:19.089+0300 debug    [InputRecorderSession] Generated mouse move events for cursor changes between mouse moves. after=74138.03982281 generatedEvents=1 id=channel-0-input session=0 untilIncluding=74138.135678253
2023-07-26T18:45:20.047+0300 debug    [InputRecorderSession] Generated mouse move events for cursor changes between mouse moves. after=74139.082746019 generatedEvents=1 id=channel-0-input session=0 untilIncluding=74139.09121499
2023-07-26T18:45:22.474+0300 debug    [InputRecorderSession] Generated mouse move events for cursor changes between mouse moves. after=74141.516120523 generatedEvents=1 id=channel-0-input session=0 untilIncluding=74141.524982762
2023-07-26T18:45:22.646+0300 debug    [InputRecorderSession] Generated mouse move events for cursor changes between mouse moves. after=74141.680821514 generatedEvents=1 id=channel-0-input session=0 untilIncluding=74141.689180028
2023-07-26T18:45:22.667+0300 debug    [InputRecorderSession] Generated mouse move events for cursor changes between mouse moves. after=74141.704937636 generatedEvents=1 id=channel-0-input session=0 untilIncluding=74141.713490314
2023-07-26T18:45:22.693+0300 debug    [InputRecorderSession] Generated mouse move events for cursor changes between mouse moves. after=74141.738449612 generatedEvents=1 id=channel-0-input session=0 untilIncluding=74141.74671657
2023-07-26T18:45:22.712+0300 debug    [InputRecorderSession] Generated mouse move events for cursor changes between mouse moves. after=74141.755146014 generatedEvents=1 id=channel-0-input session=0 untilIncluding=74141.763461936
2023-07-26T18:45:22.776+0300 debug    [InputRecorderSession] Generated mouse move events for cursor changes between mouse moves. after=74141.821009649 generatedEvents=1 id=channel-0-input session=0 untilIncluding=74141.829122004
2023-07-26T18:45:22.797+0300 debug    [InputRecorderSession] Generated mouse move events for cursor changes between mouse moves. after=74141.836827225 generatedEvents=1 id=channel-0-input session=0 untilIncluding=74141.845246212
2023-07-26T18:45:22.840+0300 debug    [InputRecorderSession] Generated mouse move events for cursor changes between mouse moves. after=74141.886873466 generatedEvents=1 id=channel-0-input session=0 untilIncluding=74141.894547376
2023-07-26T18:45:22.859+0300 debug    [InputRecorderSession] Generated mouse move events for cursor changes between mouse moves. after=74141.902491249 generatedEvents=1 id=channel-0-input session=0 untilIncluding=74141.911106948
2023-07-26T18:45:23.123+0300 debug    [InputRecorderSession] Generated mouse move events for cursor changes between mouse moves. after=74142.165964614 generatedEvents=1 id=channel-0-input session=0 untilIncluding=74142.17425284
2023-07-26T18:45:23.162+0300 debug    [InputRecorderSession] Generated mouse move events for cursor changes between mouse moves. after=74142.198983754 generatedEvents=1 id=channel-0-input session=0 untilIncluding=74142.207318666
2023-07-26T18:45:37.570+0300 debug    [InputRecorderSession] Generated mouse move events for cursor changes between mouse moves. after=74156.602003286 generatedEvents=1 id=channel-0-input session=0 untilIncluding=74156.609767233
2023-07-26T18:45:37.725+0300 debug    [InputRecorderSession] Generated mouse move events for cursor changes between mouse moves. after=74156.765588246 generatedEvents=1 id=channel-0-input session=0 untilIncluding=74156.774373953
2023-07-26T18:45:38.189+0300 debug    [InputRecorderSession] Generated mouse move events for cursor changes between mouse moves. after=74157.234016454 generatedEvents=1 id=channel-0-input session=0 untilIncluding=74157.24226677
2023-07-26T18:45:39.329+0300 notice   [SignalHandler] Received SIGINT.
2023-07-26T18:45:39.329+0300 warning  [Conductor] Pausing the recording to be able to stop.
2023-07-26T18:45:39.329+0300 debug    [Conductor] Pausing recording.
2023-07-26T18:45:39.329+0300 notice   [Conductor] Recording paused. recordUntil=74158.386459333
2023-07-26T18:45:39.329+0300 debug    [Conductor] Stopping recording.
2023-07-26T18:45:39.329+0300 debug    [Conductor] Cleaning up recorders. recorders=3
2023-07-26T18:45:39.329+0300 debug    [CursorRecorder] Stopping display link. id=channel-0-cursor
2023-07-26T18:45:39.329+0300 debug    [InputRecorder] Stopping event monitor. id=channel-0-input
2023-07-26T18:45:39.329+0300 notice   [CursorRecorder] Stopped display link. id=channel-0-cursor
2023-07-26T18:45:39.329+0300 debug    [DisplayRecorder: channel-1-display] Completing all session writers id=channel-1-display sessionWriters.count=1
2023-07-26T18:45:39.329+0300 debug    [SessionWriter: channel-1-display-0] Completing recording. id=channel-1-display
2023-07-26T18:45:39.329+0300 debug    [SessionWriter: channel-1-display-0] Waiting for final frames. id=channel-1-display
2023-07-26T18:45:39.329+0300 notice   [SessionWriter: channel-1-display-0] Newer item produced recently, waiting for another second. id=channel-1-display lastItemTime=CMTime(seconds:74158.376166275 timescale:1000000000 value:74158376166275 flags:valid) previousLastItemTime=CMTime(seconds:-inf timescale:0 value:0 flags:valid, negativeInfinity)
2023-07-26T18:45:39.330+0300 debug    [CursorRecorder] Writing cursor information to disk. count=18 id=channel-0-cursor url=file:///var/folders/18/k92_mn41589g2w_x9dnxmr4w0000gn/T/Code%202023-07-26%2018:45:03/cursors.json
2023-07-26T18:45:39.330+0300 notice   [InputRecorder] Stopped globalMonitorForEvents. id=channel-0-input
2023-07-26T18:45:39.330+0300 info     [InputRecorder] Event monitor stopped. id=channel-0-input
2023-07-26T18:45:39.330+0300 debug    [InputRecorder] Stopping cursor change monitor. id=channel-0-input
2023-07-26T18:45:39.330+0300 info     [InputRecorder] Cursor change monitor stopped. id=channel-0-input
2023-07-26T18:45:39.330+0300 debug    [InputRecorder] Finishing sessions. id=channel-0-input
2023-07-26T18:45:39.330+0300 debug    [InputRecorderSession] Generating mouse move events for stationary cursor changes at end of session. id=channel-0-input session=0
2023-07-26T18:45:39.330+0300 notice   [InputRecorderSession] Generated mouse move events for stationary cursor changes at end of session. after=74158.286847813 generatedEvents=0 id=channel-0-input session=0 untilIncluding=74158.386459333
2023-07-26T18:45:39.331+0300 notice   [InputRecorder] Finished writers. id=channel-0-input
2023-07-26T18:45:39.331+0300 notice   [CursorRecorder] Cursor information written to disk. count=18 id=channel-0-cursor url=file:///var/folders/18/k92_mn41589g2w_x9dnxmr4w0000gn/T/Code%202023-07-26%2018:45:03/cursors.json
2023-07-26T18:45:39.332+0300 debug    [CursorRecorder] Writing cursor images to disk. count=18 id=channel-0-cursor url=file:///var/folders/18/k92_mn41589g2w_x9dnxmr4w0000gn/T/Code%202023-07-26%2018:45:03/cursors/
2023-07-26T18:45:39.350+0300 notice   [SessionWriter: channel-1-display-0] Reporting previous times duration=CMTime(seconds:nan timescale:0 value:0 flags:<empty>) id=channel-1-display newPresentationTime=CMTime(seconds:74158.376166275 timescale:1000000000 value:74158376166275 flags:valid) originalDecodeTime=CMTime(seconds:nan timescale:0 value:0 flags:<empty>) originalPresentationTime=CMTime(seconds:74158.376166275 timescale:1000000000 value:74158376166275 flags:valid)
2023-07-26T18:45:39.350+0300 notice   [SessionWriter: channel-1-display-0] Appending last sample buffer duration=CMTime(seconds:nan timescale:0 value:0 flags:<empty>) id=channel-1-display newPresentationTime=CMTime(seconds:74158.386459333 timescale:1000000000 value:74158386459333 flags:valid) originalDecodeTime=CMTime(seconds:nan timescale:0 value:0 flags:<empty>) originalPresentationTime=CMTime(seconds:74158.376166275 timescale:1000000000 value:74158376166275 flags:valid)
2023-07-26T18:45:39.359+0300 notice   [CursorRecorder] Cursor images are written to disk. count=18 id=channel-0-cursor url=file:///var/folders/18/k92_mn41589g2w_x9dnxmr4w0000gn/T/Code%202023-07-26%2018:45:03/cursors/
2023-07-26T18:45:40.389+0300 notice   [SessionWriter: channel-1-display-0] Waiting for final frames completed. id=channel-1-display systemUptime=74159.446242323
2023-07-26T18:45:40.389+0300 debug    [SessionWriter: channel-1-display-0] Finishing SessionBuffer. id=channel-1-display
2023-07-26T18:45:40.389+0300 notice   [SessionWriter: channel-1-display-0] Finished SessionBuffer. id=channel-1-display
2023-07-26T18:45:40.389+0300 debug    [SessionWriter: channel-1-display-0] Flushing all frames from backpressure buffer. id=channel-1-display itemsInBuffer=0
2023-07-26T18:45:40.389+0300 notice   [SessionWriter: channel-1-display-0] Flushed all frames from backpressure buffer. id=channel-1-display itemsInBuffer=0
2023-07-26T18:45:40.389+0300 debug    [SessionWriter: channel-1-display-0] End session on AVAssetWriter id=channel-1-display sessionEnd=CMTime(seconds:74158.386459333 timescale:1000000000 value:74158386459333 flags:valid)
2023-07-26T18:45:40.413+0300 notice   [SessionWriter: channel-1-display-0] End session on AVAssetWriter id=channel-1-display sessionEnd=CMTime(seconds:74158.386459333 timescale:1000000000 value:74158386459333 flags:valid)
2023-07-26T18:45:40.413+0300 debug    [SessionWriter: channel-1-display-0] Finishing writing to asset writer. id=channel-1-display
2023-07-26T18:45:40.437+0300 notice   [SessionWriter: channel-1-display-0] Finished writing to assset writer. id=channel-1-display
2023-07-26T18:45:40.437+0300 debug    [SessionWriter: channel-1-display-0] Finishing writing to metadata file. id=channel-1-display
2023-07-26T18:45:40.437+0300 notice   [SessionWriter: channel-1-display-0] Finished writing to metadata file. id=channel-1-display
2023-07-26T18:45:40.437+0300 notice   [SessionWriter: channel-1-display-0] Completed recording, returning metadata. framesProcessed (excluding initial Ring buffer)=273 id=channel-1-display
2023-07-26T18:45:40.437+0300 notice   [DisplayRecorder: channel-1-display] Completed all session writers id=channel-1-display sessionWriters.count=1
2023-07-26T18:45:40.437+0300 debug    [DisplayRecorder: channel-1-display] Stopping stream capture. id=channel-1-display
2023-07-26T18:45:40.443+0300 notice   [DisplayRecorder: channel-1-display] Stopped stream capture. id=channel-1-display
2023-07-26T18:45:40.443+0300 debug    [DisplayRecorder: channel-1-display] Clearing frame timeout. id=channel-1-display
2023-07-26T18:45:40.443+0300 notice   [DisplayRecorder: channel-1-display] Cleared frame timeout. id=channel-1-display
2023-07-26T18:45:40.443+0300 debug    [DisplayRecorder: channel-1-display] Returning Metadata from cleanup id=channel-1-display totalFramesProcessed=273
2023-07-26T18:45:40.443+0300 debug    [DisplayRecorder: channel-1-display] Checking if file is undamaged id=channel-1-display url=file:///var/folders/18/k92_mn41589g2w_x9dnxmr4w0000gn/T/Code%202023-07-26%2018:45:03/channel-1-display-0.mp4
2023-07-26T18:45:40.444+0300 debug    [DisplayRecorder: channel-1-display] Loaded duration from file duration=22.278333333333332 id=channel-1-display url=file:///var/folders/18/k92_mn41589g2w_x9dnxmr4w0000gn/T/Code%202023-07-26%2018:45:03/channel-1-display-0.mp4
2023-07-26T18:45:40.445+0300 notice   [Conductor] Finalized recorders. errors=0 metadataCount=3 recorders=3
2023-07-26T18:45:40.445+0300 debug    [Conductor] Writing metadata file. metadataCount=3
2023-07-26T18:45:40.446+0300 notice   [Conductor] Metadata file written. metadataCount=3
2023-07-26T18:45:40.446+0300 debug    [Conductor] Ending latency critical activity.
2023-07-26T18:45:40.446+0300 notice   [Conductor] Ended latency critical activity.
2023-07-26T18:45:40.446+0300 notice   [Conductor] Recording stopped. errorCount=0 metadataCount=3 recorders=3
2023-07-26T18:45:40.447+0300 notice   [Conductor] Stopped recording. sessions=[
from:     74136.107  2023-07-26T18:45:17.050+0300
until:    74158.386  2023-07-26T18:45:39.329+0300
duration: 22.279
]
2023-07-26T18:45:40.447+0300 notice   [Polyrecorder] Nominal recording ended.
