2023-07-26T18:57:29.117+0300 notice   [Polyrecorder] Polyrecorder started. appStart=74868.16337576401 modelIdentifier=MacBookPro15,4 operatingSystem=Version 13.0.1 (Build 22A400) systemLaunch=2023-07-25 19:09:40 +0000 version=1.3.1
2023-07-26T18:57:29.118+0300 debug    [Polyrecorder] Accessing active displays
2023-07-26T18:57:29.189+0300 notice   [Polyrecorder] Active displays: [polyrecorder.DisplayDiscovery.Display(displayID: 69734208, bounds: polyrecorder.Bounds(x: 0.0, y: 0.0, width: 1440.0, height: 900.0), refreshRate: 0.0, isMain: true, isBuiltin: true)]
2023-07-26T18:57:29.189+0300 debug    [Polyrecorder] Validating configuration.
2023-07-26T18:57:29.190+0300 notice   [Polyrecorder] Configuration validated: {
  "channels" : [
    {
      "captureKeyStrokes" : true,
      "type" : "input"
    },
    {
      "cropRect" : {
        "y" : 25,
        "height" : 813,
        "x" : 0,
        "yAxis" : "topBasedIncreasingDownwards",
        "width" : 1440
      },
      "type" : "display",
      "excludedWindowIds" : [
        9193,
        9191,
        8461
      ],
      "excludeFinderDesktopIcons" : false,
      "displayId" : 69734208
    }
  ],
  "logLevel" : "debug",
  "outputDirectory" : "\/var\/folders\/18\/k92_mn41589g2w_x9dnxmr4w0000gn\/T\/Code 2023-07-26 18:57:29"
}
2023-07-26T18:57:29.190+0300 debug    [Polyrecorder] Creating output directory. url=file:///var/folders/18/k92_mn41589g2w_x9dnxmr4w0000gn/T/Code%202023-07-26%2018:57:29
2023-07-26T18:57:29.191+0300 notice   [Polyrecorder] Created output directory. url=file:///var/folders/18/k92_mn41589g2w_x9dnxmr4w0000gn/T/Code%202023-07-26%2018:57:29
2023-07-26T18:57:29.191+0300 debug    [Polyrecorder] Redirecting logs to file. url=file:///var/folders/18/k92_mn41589g2w_x9dnxmr4w0000gn/T/Code%202023-07-26%2018:57:29/polyrecorder.log
2023-07-26T18:57:29.192+0300 notice   [Polyrecorder] Redirected logs to file. url=file:///var/folders/18/k92_mn41589g2w_x9dnxmr4w0000gn/T/Code%202023-07-26%2018:57:29/polyrecorder.log
2023-07-26T18:57:29.192+0300 debug    [Polyrecorder] Attaching uncaught exception handler.
2023-07-26T18:57:29.192+0300 notice   [Polyrecorder] Attached uncaught exception handler.
2023-07-26T18:57:29.192+0300 debug    [Polyrecorder] Enabling DAL devices...
2023-07-26T18:57:29.226+0300 notice   [Polyrecorder] Enabled DAL devices.
2023-07-26T18:57:29.226+0300 debug    [Polyrecorder] Creating conductor with recorders. channels=2
2023-07-26T18:57:29.226+0300 debug    [CursorRecorder] Checking if cursor folder/files don't exist yet.
2023-07-26T18:57:29.226+0300 notice   [CursorRecorder] Checked cursor folder/files don't exist yet.
2023-07-26T18:57:29.226+0300 debug    [CursorRecorder] Creating display link. displayId=69734208
2023-07-26T18:57:29.230+0300 notice   [CursorRecorder] Created display link. displayId=69734208
2023-07-26T18:57:29.230+0300 debug    [InputRecorder] Checking input monitoring authorization status. id=channel-0-input
2023-07-26T18:57:29.252+0300 notice   [InputRecorder] Input monitoring is authorized. id=channel-0-input
2023-07-26T18:57:29.286+0300 debug    [DisplayRecorder: channel-1-display] Checking if displayID 69734208 is in Active Displays list id=channel-1-display
2023-07-26T18:57:29.286+0300 debug    [DisplayRecorder: channel-1-display] Creating DisplayRecorderOutput id=channel-1-display
2023-07-26T18:57:29.295+0300 notice   [DisplayRecorder: channel-1-display] Created DisplayRecorderOutput id=channel-1-display output=DisplayRecorderOutput(cropRect: Optional((0.0, 25.0, 1440.0, 813.0)), recordBounds: (0.0, 25.0, 1440.0, 813.0), displayScaleFactor: 2, displayRefreshRate: 30.0, minFrameDuration: CMTime(seconds:0.03333333333333333 timescale:30 value:1 flags:valid), recordingScale: 0.5, assetWriterSettings: polyrecorder.AssetWriterSettings(mediaType: __C.AVMediaType(_rawValue: vide), outputSettings: ["AVVideoCodecKey": avc1, "AVVideoWidthKey": 2880, "AVVideoHeightKey": 1626, "AVVideoScalingModeKey": AVVideoScalingModeResizeAspect, "AVVideoEncoderSpecificationKey": {
    EnableHardwareAcceleratedVideoEncoder = 1;
}, "AVVideoCompressionPropertiesKey": {
    AllowFrameReordering = 1;
    AverageBitRate = 17678624;
    ExpectedFrameRate = 30;
    H264EntropyMode = CABAC;
    MaxKeyFrameInterval = 30;
    ProfileLevel = "H264_High_AutoLevel";
}]))
2023-07-26T18:57:29.295+0300 info     [Polyrecorder] Created conductor with recorders. channels=2 recorders=3
2023-07-26T18:57:29.295+0300 debug    [Polyrecorder] Attaching recorder abortion handler.
2023-07-26T18:57:29.295+0300 notice   [Polyrecorder] Attached recorder abortion handler.
2023-07-26T18:57:29.295+0300 debug    [Polyrecorder] Installing signal handlers on process 1070.
2023-07-26T18:57:29.295+0300 notice   [Polyrecorder] Installed signal handlers on process 1070.
2023-07-26T18:57:29.295+0300 notice   [Polyrecorder] Setup finished.
2023-07-26T18:57:29.296+0300 debug    [Conductor] Starting recording.
2023-07-26T18:57:29.296+0300 debug    [Conductor] Starting latency critical activity.
2023-07-26T18:57:29.297+0300 notice   [Conductor] Started latency critical activity.
2023-07-26T18:57:29.297+0300 debug    [Conductor] Setting up all recorders. recorders=3
2023-07-26T18:57:29.298+0300 debug    [InputRecorder] Starting event monitor. id=channel-0-input
2023-07-26T18:57:29.298+0300 debug    [DisplayRecorder: channel-1-display] Accessing ShareableContent id=channel-1-display
2023-07-26T18:57:29.298+0300 debug    [CursorRecorder] Creating cursor image directory. id=channel-0-cursor url=file:///var/folders/18/k92_mn41589g2w_x9dnxmr4w0000gn/T/Code%202023-07-26%2018:57:29/cursors/
2023-07-26T18:57:29.298+0300 info     [InputRecorder] Event monitor started. id=channel-0-input
2023-07-26T18:57:29.298+0300 notice   [CursorRecorder] Created cursor image directory. id=channel-0-cursor url=file:///var/folders/18/k92_mn41589g2w_x9dnxmr4w0000gn/T/Code%202023-07-26%2018:57:29/cursors/
2023-07-26T18:57:29.390+0300 notice   [DisplayRecorder: channel-1-display] Received ShareableContent attempt=1 id=channel-1-display
2023-07-26T18:57:29.391+0300 debug    [DisplayRecorder: channel-1-display] Creating SCContentFilter from configuration id=channel-1-display
2023-07-26T18:57:29.391+0300 debug    [DisplayRecorder: channel-1-display] Creating SCStream id=channel-1-display streamConfig=SCStreamConfiguration sourceRect:(0.0, 25.0, 1440.0, 813.0) width:2880 height:1626 queueDepth:8
2023-07-26T18:57:29.394+0300 debug    [CursorRecorder] Preloading system cursors. cursors=18 id=channel-0-cursor
2023-07-26T18:57:29.394+0300 notice   [CursorRecorder] Preloaded system cursors. cursors=18 id=channel-0-cursor
2023-07-26T18:57:29.394+0300 debug    [CursorRecorder] Configuring display link output handler. errorRateLimit=10.0 id=channel-0-cursor
2023-07-26T18:57:29.395+0300 info     [CursorRecorder] Display link output handler configured. errorRateLimit=10.0 id=channel-0-cursor
2023-07-26T18:57:29.395+0300 debug    [CursorRecorder] Setting current display on display link. displayId=69734208 id=channel-0-cursor
2023-07-26T18:57:29.395+0300 info     [CursorRecorder] Current display on display link set. displayId=69734208 id=channel-0-cursor
2023-07-26T18:57:29.395+0300 debug    [CursorRecorder] Starting display link. displayId=69734208 id=channel-0-cursor
2023-07-26T18:57:29.395+0300 notice   [CursorRecorder] Started display link. displayId=69734208 id=channel-0-cursor
2023-07-26T18:57:29.423+0300 notice   [CursorRecorder] Refresh rate of current display changed. currentDisplay=69734208 id=channel-0-cursor refreshRate=60 FPS
2023-07-26T18:57:29.493+0300 notice   [DisplayRecorder: channel-1-display] Created SCStream id=channel-1-display
2023-07-26T18:57:29.494+0300 debug    [DisplayRecorder: channel-1-display] Add StreamOutput to capture screen content id=channel-1-display
2023-07-26T18:57:29.494+0300 debug    [DisplayRecorder: channel-1-display] Start stream capture id=channel-1-display
2023-07-26T18:57:29.600+0300 notice   [DisplayRecorder: channel-1-display] Started stream capture id=channel-1-display
2023-07-26T18:57:29.600+0300 debug    [DisplayRecorder: channel-1-display] Waiting for ring buffer to have a frame id=channel-1-display
2023-07-26T18:57:29.622+0300 debug    [DisplayRecorder: channel-1-display] Checking delta of presentation time stamp to host time clock. framePTS=74868.659272795 hostTime=74868.678439215 id=channel-1-display
2023-07-26T18:57:29.622+0300 notice   [DisplayRecorder: channel-1-display] Trivial delta between presentation time stamp to host time clock, will trust frame PTS. framePTS=74868.659272795 hostTime=74868.678439215 hostTimeDelta=0.01916642 id=channel-1-display
2023-07-26T18:57:29.622+0300 notice   [DisplayRecorder: channel-1-display] Ring buffer has a frame id=channel-1-display
2023-07-26T18:57:29.623+0300 notice   [Conductor] Did setup all recorders. recorders=3
2023-07-26T18:57:29.623+0300 debug    [Conductor] Calling prepare on all recorders for session. recorders=3
2023-07-26T18:57:29.623+0300 debug    [DisplayRecorder: channel-1-display] Creating SessionWriter id=channel-1-display
2023-07-26T18:57:29.623+0300 notice   [InputRecorder] Preparing session. id=channel-0-input sessions=0
2023-07-26T18:57:29.623+0300 debug    [SessionWriter: channel-1-display-0] Creating AVAssetWriter id=channel-1-display
2023-07-26T18:57:29.624+0300 notice   [SessionWriter: channel-1-display-0] Created AVAssetWriter id=channel-1-display
2023-07-26T18:57:29.624+0300 debug    [SessionWriter: channel-1-display-0] Add AVAssetWriter.error observation id=channel-1-display
2023-07-26T18:57:29.625+0300 notice   [InputRecorder] Prepared session. id=channel-0-input sessions=1
2023-07-26T18:57:29.625+0300 notice   [SessionWriter: channel-1-display-0] Added AVAssetWriter.error observation id=channel-1-display
2023-07-26T18:57:29.625+0300 debug    [SessionWriter: channel-1-display-0] Creating AVAssetWriterInput id=channel-1-display mediaType=AVMediaType(_rawValue: vide) outputSettings=["AVVideoCodecKey": avc1, "AVVideoWidthKey": 2880, "AVVideoHeightKey": 1626, "AVVideoScalingModeKey": AVVideoScalingModeResizeAspect, "AVVideoEncoderSpecificationKey": {
    EnableHardwareAcceleratedVideoEncoder = 1;
}, "AVVideoCompressionPropertiesKey": {
    AllowFrameReordering = 1;
    AverageBitRate = 17678624;
    ExpectedFrameRate = 30;
    H264EntropyMode = CABAC;
    MaxKeyFrameInterval = 30;
    ProfileLevel = "H264_High_AutoLevel";
}]
2023-07-26T18:57:29.790+0300 debug    [SessionWriter: channel-1-display-0] Adding AVAssetWriterInput to AVAssetWriter. id=channel-1-display
2023-07-26T18:57:29.790+0300 notice   [SessionWriter: channel-1-display-0] Added AVAssetWriterInput to AVAssetWriter id=channel-1-display
2023-07-26T18:57:29.855+0300 debug    [DisplayRecorder: channel-1-display] Processing initial samples from buffer. bufferCount=3 id=channel-1-display
2023-07-26T18:57:29.855+0300 debug    [DisplayRecorder: channel-1-display] Processed initial samples from buffer. bufferCount=3 id=channel-1-display
2023-07-26T18:57:29.855+0300 notice   [DisplayRecorder: channel-1-display] Created SessionWriter id=channel-1-display
2023-07-26T18:57:29.855+0300 notice   [Conductor] Called prepare recorders for session. recorders=3
2023-07-26T18:57:29.855+0300 debug    [Conductor] Broadcasting over stdout that all recorders are prepared. recorders=3
2023-07-26T18:57:29.855+0300 notice   [Conductor] Broadcasted over stdout that all recorders are prepared. recorders=3
2023-07-26T18:57:30.258+0300 notice   [SignalHandler] Received SIGCONT.
2023-07-26T18:57:30.258+0300 debug    [Conductor] Resuming recording.
2023-07-26T18:57:30.258+0300 notice   [Conductor] Recording resumed. recordFrom=74869.314484956
2023-07-26T18:57:30.267+0300 debug    [SessionWriter: channel-1-display-0] Start session on AVAssetWriter id=channel-1-display sessionStart=CMTime(seconds:74869.314484956 timescale:1000000000 value:74869314484956 flags:valid)
2023-07-26T18:57:30.267+0300 notice   [SessionWriter: channel-1-display-0] Started session on AVAssetWriter id=channel-1-display sessionStart=CMTime(seconds:74869.314484956 timescale:1000000000 value:74869314484956 flags:valid)
2023-07-26T18:57:30.267+0300 notice   [SessionWriter: channel-1-display-0] Appending first sample buffer duration=CMTime(seconds:nan timescale:0 value:0 flags:<empty>) id=channel-1-display newPresentationTime=CMTime(seconds:74869.314484956 timescale:1000000000 value:74869314484956 flags:valid) originalDecodeTime=CMTime(seconds:nan timescale:0 value:0 flags:<empty>) originalPresentationTime=CMTime(seconds:74869.292638272 timescale:1000000000 value:74869292638272 flags:valid)
2023-07-26T18:57:30.350+0300 notice   [SessionWriter: channel-1-display-0] Appending second sample buffer duration=CMTime(seconds:nan timescale:0 value:0 flags:<empty>) id=channel-1-display newPresentationTime=CMTime(seconds:74869.325932376 timescale:1000000000 value:74869325932376 flags:valid) originalDecodeTime=CMTime(seconds:nan timescale:0 value:0 flags:<empty>) originalPresentationTime=CMTime(seconds:74869.325932376 timescale:1000000000 value:74869325932376 flags:valid)
2023-07-26T18:57:36.945+0300 debug    [InputRecorderSession] Generated mouse move events for cursor changes between mouse moves. after=74871.398550065 generatedEvents=2 id=channel-0-input session=0 untilIncluding=74875.999819061
2023-07-26T18:57:37.025+0300 debug    [InputRecorderSession] Generated mouse move events for cursor changes between mouse moves. after=74876.065901745 generatedEvents=1 id=channel-0-input session=0 untilIncluding=74876.073828359
2023-07-26T18:57:37.042+0300 debug    [InputRecorderSession] Generated mouse move events for cursor changes between mouse moves. after=74876.082250329 generatedEvents=1 id=channel-0-input session=0 untilIncluding=74876.09051783
2023-07-26T18:57:37.062+0300 debug    [InputRecorderSession] Generated mouse move events for cursor changes between mouse moves. after=74876.098961186 generatedEvents=1 id=channel-0-input session=0 untilIncluding=74876.106318474
2023-07-26T18:57:37.115+0300 debug    [InputRecorderSession] Generated mouse move events for cursor changes between mouse moves. after=74876.14773284 generatedEvents=1 id=channel-0-input session=0 untilIncluding=74876.15639955
2023-07-26T18:57:37.172+0300 debug    [InputRecorderSession] Generated mouse move events for cursor changes between mouse moves. after=74876.213671421 generatedEvents=1 id=channel-0-input session=0 untilIncluding=74876.222135859
2023-07-26T18:57:37.193+0300 debug    [InputRecorderSession] Generated mouse move events for cursor changes between mouse moves. after=74876.237651936 generatedEvents=1 id=channel-0-input session=0 untilIncluding=74876.246551985
2023-07-26T18:57:37.832+0300 notice   [SignalHandler] Received SIGINT.
2023-07-26T18:57:37.832+0300 warning  [Conductor] Pausing the recording to be able to stop.
2023-07-26T18:57:37.832+0300 debug    [Conductor] Pausing recording.
2023-07-26T18:57:37.832+0300 notice   [Conductor] Recording paused. recordUntil=74876.888368718
2023-07-26T18:57:37.832+0300 debug    [Conductor] Stopping recording.
2023-07-26T18:57:37.832+0300 debug    [Conductor] Cleaning up recorders. recorders=3
2023-07-26T18:57:37.832+0300 debug    [InputRecorder] Stopping event monitor. id=channel-0-input
2023-07-26T18:57:37.832+0300 debug    [CursorRecorder] Stopping display link. id=channel-0-cursor
2023-07-26T18:57:37.832+0300 debug    [DisplayRecorder: channel-1-display] Completing all session writers id=channel-1-display sessionWriters.count=1
2023-07-26T18:57:37.833+0300 debug    [SessionWriter: channel-1-display-0] Completing recording. id=channel-1-display
2023-07-26T18:57:37.833+0300 debug    [SessionWriter: channel-1-display-0] Waiting for final frames. id=channel-1-display
2023-07-26T18:57:37.833+0300 notice   [SessionWriter: channel-1-display-0] Newer item produced recently, waiting for another second. id=channel-1-display lastItemTime=CMTime(seconds:74876.863486405 timescale:1000000000 value:74876863486405 flags:valid) previousLastItemTime=CMTime(seconds:-inf timescale:0 value:0 flags:valid, negativeInfinity)
2023-07-26T18:57:37.833+0300 notice   [InputRecorder] Stopped globalMonitorForEvents. id=channel-0-input
2023-07-26T18:57:37.833+0300 info     [InputRecorder] Event monitor stopped. id=channel-0-input
2023-07-26T18:57:37.833+0300 debug    [InputRecorder] Stopping cursor change monitor. id=channel-0-input
2023-07-26T18:57:37.833+0300 info     [InputRecorder] Cursor change monitor stopped. id=channel-0-input
2023-07-26T18:57:37.833+0300 debug    [InputRecorder] Finishing sessions. id=channel-0-input
2023-07-26T18:57:37.833+0300 debug    [InputRecorderSession] Generating mouse move events for stationary cursor changes at end of session. id=channel-0-input session=0
2023-07-26T18:57:37.833+0300 notice   [CursorRecorder] Stopped display link. id=channel-0-cursor
2023-07-26T18:57:37.833+0300 notice   [InputRecorderSession] Generated mouse move events for stationary cursor changes at end of session. after=74876.747797195 generatedEvents=0 id=channel-0-input session=0 untilIncluding=74876.888368718
2023-07-26T18:57:37.833+0300 debug    [CursorRecorder] Writing cursor information to disk. count=19 id=channel-0-cursor url=file:///var/folders/18/k92_mn41589g2w_x9dnxmr4w0000gn/T/Code%202023-07-26%2018:57:29/cursors.json
2023-07-26T18:57:37.834+0300 notice   [InputRecorder] Finished writers. id=channel-0-input
2023-07-26T18:57:37.834+0300 notice   [CursorRecorder] Cursor information written to disk. count=19 id=channel-0-cursor url=file:///var/folders/18/k92_mn41589g2w_x9dnxmr4w0000gn/T/Code%202023-07-26%2018:57:29/cursors.json
2023-07-26T18:57:37.835+0300 debug    [CursorRecorder] Writing cursor images to disk. count=19 id=channel-0-cursor url=file:///var/folders/18/k92_mn41589g2w_x9dnxmr4w0000gn/T/Code%202023-07-26%2018:57:29/cursors/
2023-07-26T18:57:37.842+0300 notice   [SessionWriter: channel-1-display-0] Reporting previous times duration=CMTime(seconds:nan timescale:0 value:0 flags:<empty>) id=channel-1-display newPresentationTime=CMTime(seconds:74876.863486405 timescale:1000000000 value:74876863486405 flags:valid) originalDecodeTime=CMTime(seconds:nan timescale:0 value:0 flags:<empty>) originalPresentationTime=CMTime(seconds:74876.863486405 timescale:1000000000 value:74876863486405 flags:valid)
2023-07-26T18:57:37.842+0300 notice   [SessionWriter: channel-1-display-0] Appending last sample buffer duration=CMTime(seconds:nan timescale:0 value:0 flags:<empty>) id=channel-1-display newPresentationTime=CMTime(seconds:74876.888368718 timescale:1000000000 value:74876888368718 flags:valid) originalDecodeTime=CMTime(seconds:nan timescale:0 value:0 flags:<empty>) originalPresentationTime=CMTime(seconds:74876.863486405 timescale:1000000000 value:74876863486405 flags:valid)
2023-07-26T18:57:37.860+0300 notice   [CursorRecorder] Cursor images are written to disk. count=19 id=channel-0-cursor url=file:///var/folders/18/k92_mn41589g2w_x9dnxmr4w0000gn/T/Code%202023-07-26%2018:57:29/cursors/
2023-07-26T18:57:38.896+0300 notice   [SessionWriter: channel-1-display-0] Waiting for final frames completed. id=channel-1-display systemUptime=74877.951972451
2023-07-26T18:57:38.896+0300 debug    [SessionWriter: channel-1-display-0] Finishing SessionBuffer. id=channel-1-display
2023-07-26T18:57:38.896+0300 notice   [SessionWriter: channel-1-display-0] Finished SessionBuffer. id=channel-1-display
2023-07-26T18:57:38.897+0300 debug    [SessionWriter: channel-1-display-0] Flushing all frames from backpressure buffer. id=channel-1-display itemsInBuffer=0
2023-07-26T18:57:38.897+0300 notice   [SessionWriter: channel-1-display-0] Flushed all frames from backpressure buffer. id=channel-1-display itemsInBuffer=0
2023-07-26T18:57:38.897+0300 debug    [SessionWriter: channel-1-display-0] End session on AVAssetWriter id=channel-1-display sessionEnd=CMTime(seconds:74876.888368718 timescale:1000000000 value:74876888368718 flags:valid)
2023-07-26T18:57:38.933+0300 notice   [SessionWriter: channel-1-display-0] End session on AVAssetWriter id=channel-1-display sessionEnd=CMTime(seconds:74876.888368718 timescale:1000000000 value:74876888368718 flags:valid)
2023-07-26T18:57:38.933+0300 debug    [SessionWriter: channel-1-display-0] Finishing writing to asset writer. id=channel-1-display
2023-07-26T18:57:38.966+0300 notice   [SessionWriter: channel-1-display-0] Finished writing to assset writer. id=channel-1-display
2023-07-26T18:57:38.966+0300 debug    [SessionWriter: channel-1-display-0] Finishing writing to metadata file. id=channel-1-display
2023-07-26T18:57:38.966+0300 notice   [SessionWriter: channel-1-display-0] Finished writing to metadata file. id=channel-1-display
2023-07-26T18:57:38.966+0300 notice   [SessionWriter: channel-1-display-0] Completed recording, returning metadata. framesProcessed (excluding initial Ring buffer)=124 id=channel-1-display
2023-07-26T18:57:38.966+0300 notice   [DisplayRecorder: channel-1-display] Completed all session writers id=channel-1-display sessionWriters.count=1
2023-07-26T18:57:38.966+0300 debug    [DisplayRecorder: channel-1-display] Stopping stream capture. id=channel-1-display
2023-07-26T18:57:38.975+0300 notice   [DisplayRecorder: channel-1-display] Stopped stream capture. id=channel-1-display
2023-07-26T18:57:38.975+0300 debug    [DisplayRecorder: channel-1-display] Clearing frame timeout. id=channel-1-display
2023-07-26T18:57:38.975+0300 notice   [DisplayRecorder: channel-1-display] Cleared frame timeout. id=channel-1-display
2023-07-26T18:57:38.975+0300 debug    [DisplayRecorder: channel-1-display] Returning Metadata from cleanup id=channel-1-display totalFramesProcessed=129
2023-07-26T18:57:38.975+0300 debug    [DisplayRecorder: channel-1-display] Checking if file is undamaged id=channel-1-display url=file:///var/folders/18/k92_mn41589g2w_x9dnxmr4w0000gn/T/Code%202023-07-26%2018:57:29/channel-1-display-0.mp4
2023-07-26T18:57:38.977+0300 debug    [DisplayRecorder: channel-1-display] Loaded duration from file duration=7.573333333333333 id=channel-1-display url=file:///var/folders/18/k92_mn41589g2w_x9dnxmr4w0000gn/T/Code%202023-07-26%2018:57:29/channel-1-display-0.mp4
2023-07-26T18:57:38.977+0300 notice   [Conductor] Finalized recorders. errors=0 metadataCount=3 recorders=3
2023-07-26T18:57:38.977+0300 debug    [Conductor] Writing metadata file. metadataCount=3
2023-07-26T18:57:38.979+0300 notice   [Conductor] Metadata file written. metadataCount=3
2023-07-26T18:57:38.979+0300 debug    [Conductor] Ending latency critical activity.
2023-07-26T18:57:38.979+0300 notice   [Conductor] Ended latency critical activity.
2023-07-26T18:57:38.979+0300 notice   [Conductor] Recording stopped. errorCount=0 metadataCount=3 recorders=3
2023-07-26T18:57:38.980+0300 notice   [Conductor] Stopped recording. sessions=[
from:     74869.314  2023-07-26T18:57:30.258+0300
until:    74876.888  2023-07-26T18:57:37.832+0300
duration: 7.574
]
2023-07-26T18:57:38.980+0300 notice   [Polyrecorder] Nominal recording ended.
