2023-07-19T00:20:30.315+0300 notice   [Polyrecorder] Polyrecorder started. appStart=85793.250152106 modelIdentifier=MacBookPro12,1 operatingSystem=Version 12.6.5 (Build 21G531) systemLaunch=2023-07-17 21:30:37 +0000 version=1.3.1
2023-07-19T00:20:30.318+0300 debug    [Polyrecorder] Accessing active displays
2023-07-19T00:20:30.611+0300 notice   [Polyrecorder] Active displays: [polyrecorder.DisplayDiscovery.Display(displayID: 69732992, bounds: polyrecorder.Bounds(x: 0.0, y: 0.0, width: 1280.0, height: 800.0), refreshRate: 0.0, isMain: true, isBuiltin: true)]
2023-07-19T00:20:30.613+0300 debug    [Polyrecorder] Validating configuration.
2023-07-19T00:20:30.619+0300 notice   [Polyrecorder] Configuration validated: {
  "channels" : [
    {
      "captureKeyStrokes" : true,
      "type" : "input"
    },
    {
      "cropRect" : {
        "y" : 203,
        "height" : 403,
        "x" : 180,
        "yAxis" : "topBasedIncreasingDownwards",
        "width" : 843
      },
      "type" : "display",
      "excludedWindowIds" : [
        15732,
        15731,
        15723
      ],
      "excludeFinderDesktopIcons" : false,
      "displayId" : 69732992
    }
  ],
  "logLevel" : "debug",
  "outputDirectory" : "\/var\/folders\/g3\/1xnd0v1n0772j6wwd19dlpth0000gn\/T\/Terminal 2023-07-19 00:20:29"
}
2023-07-19T00:20:30.620+0300 debug    [Polyrecorder] Creating output directory. url=file:///var/folders/g3/1xnd0v1n0772j6wwd19dlpth0000gn/T/Terminal%202023-07-19%2000:20:29
2023-07-19T00:20:30.625+0300 notice   [Polyrecorder] Created output directory. url=file:///var/folders/g3/1xnd0v1n0772j6wwd19dlpth0000gn/T/Terminal%202023-07-19%2000:20:29
2023-07-19T00:20:30.625+0300 debug    [Polyrecorder] Redirecting logs to file. url=file:///var/folders/g3/1xnd0v1n0772j6wwd19dlpth0000gn/T/Terminal%202023-07-19%2000:20:29/polyrecorder.log
2023-07-19T00:20:30.641+0300 notice   [Polyrecorder] Redirected logs to file. url=file:///var/folders/g3/1xnd0v1n0772j6wwd19dlpth0000gn/T/Terminal%202023-07-19%2000:20:29/polyrecorder.log
2023-07-19T00:20:30.641+0300 debug    [Polyrecorder] Attaching uncaught exception handler.
2023-07-19T00:20:30.641+0300 notice   [Polyrecorder] Attached uncaught exception handler.
2023-07-19T00:20:30.641+0300 debug    [Polyrecorder] Enabling DAL devices...
2023-07-19T00:20:30.721+0300 notice   [Polyrecorder] Enabled DAL devices.
2023-07-19T00:20:30.721+0300 debug    [Polyrecorder] Creating conductor with recorders. channels=2
2023-07-19T00:20:30.727+0300 debug    [CursorRecorder] Checking if cursor folder/files don't exist yet.
2023-07-19T00:20:30.727+0300 notice   [CursorRecorder] Checked cursor folder/files don't exist yet.
2023-07-19T00:20:30.727+0300 debug    [CursorRecorder] Creating display link. displayId=69732992
2023-07-19T00:20:30.735+0300 notice   [CursorRecorder] Created display link. displayId=69732992
2023-07-19T00:20:30.735+0300 debug    [InputRecorder] Checking input monitoring authorization status. id=channel-0-input
2023-07-19T00:20:30.803+0300 notice   [InputRecorder] Input monitoring is authorized. id=channel-0-input
2023-07-19T00:20:30.885+0300 debug    [DisplayRecorder: channel-1-display] Checking if displayID 69732992 is in Active Displays list id=channel-1-display
2023-07-19T00:20:30.920+0300 debug    [DisplayRecorder: channel-1-display] Creating DisplayRecorderOutput id=channel-1-display
2023-07-19T00:20:30.985+0300 notice   [DisplayRecorder: channel-1-display] Created DisplayRecorderOutput id=channel-1-display output=DisplayRecorderOutput(cropRect: Optional((180.0, 203.0, 843.0, 403.0)), recordBounds: (180.0, 203.0, 843.0, 403.0), displayScaleFactor: 2, displayRefreshRate: 30.0, minFrameDuration: CMTime(seconds:0.03333333333333333 timescale:30 value:1 flags:valid), recordingScale: 0.5, assetWriterSettings: polyrecorder.AssetWriterSettings(mediaType: __C.AVMediaType(_rawValue: vide), outputSettings: ["AVVideoScalingModeKey": AVVideoScalingModeResizeAspect, "AVVideoEncoderSpecificationKey": {
    EnableHardwareAcceleratedVideoEncoder = 1;
}, "AVVideoWidthKey": 1686, "AVVideoCompressionPropertiesKey": {
    AllowFrameReordering = 1;
    AverageBitRate = 9772410;
    ExpectedFrameRate = 30;
    H264EntropyMode = CABAC;
    MaxKeyFrameInterval = 30;
    ProfileLevel = "H264_High_AutoLevel";
}, "AVVideoHeightKey": 806, "AVVideoCodecKey": avc1]))
2023-07-19T00:20:30.985+0300 info     [Polyrecorder] Created conductor with recorders. channels=2 recorders=3
2023-07-19T00:20:30.985+0300 debug    [Polyrecorder] Attaching recorder abortion handler.
2023-07-19T00:20:30.985+0300 notice   [Polyrecorder] Attached recorder abortion handler.
2023-07-19T00:20:30.985+0300 debug    [Polyrecorder] Installing signal handlers on process 57922.
2023-07-19T00:20:30.985+0300 notice   [Polyrecorder] Installed signal handlers on process 57922.
2023-07-19T00:20:30.985+0300 notice   [Polyrecorder] Setup finished.
2023-07-19T00:20:30.987+0300 debug    [Conductor] Starting recording.
2023-07-19T00:20:30.987+0300 debug    [Conductor] Starting latency critical activity.
2023-07-19T00:20:30.995+0300 notice   [Conductor] Started latency critical activity.
2023-07-19T00:20:30.995+0300 debug    [Conductor] Setting up all recorders. recorders=3
2023-07-19T00:20:30.997+0300 debug    [InputRecorder] Starting event monitor. id=channel-0-input
2023-07-19T00:20:30.997+0300 debug    [CursorRecorder] Creating cursor image directory. id=channel-0-cursor url=file:///var/folders/g3/1xnd0v1n0772j6wwd19dlpth0000gn/T/Terminal%202023-07-19%2000:20:29/cursors/
2023-07-19T00:20:30.999+0300 info     [InputRecorder] Event monitor started. id=channel-0-input
2023-07-19T00:20:31.000+0300 notice   [CursorRecorder] Created cursor image directory. id=channel-0-cursor url=file:///var/folders/g3/1xnd0v1n0772j6wwd19dlpth0000gn/T/Terminal%202023-07-19%2000:20:29/cursors/
2023-07-19T00:20:30.997+0300 debug    [DisplayRecorder: channel-1-display] Accessing ShareableContent id=channel-1-display
2023-07-19T00:20:31.294+0300 notice   [DisplayRecorder: channel-1-display] Received ShareableContent attempt=1 id=channel-1-display
2023-07-19T00:20:31.294+0300 debug    [DisplayRecorder: channel-1-display] Creating SCContentFilter from configuration id=channel-1-display
2023-07-19T00:20:31.469+0300 debug    [DisplayRecorder: channel-1-display] Creating SCStream id=channel-1-display streamConfig=SCStreamConfiguration sourceRect:(180.0, 203.0, 843.0, 403.0) width:1686 height:806 queueDepth:8
2023-07-19T00:20:31.469+0300 notice   [DisplayRecorder: channel-1-display] Created SCStream id=channel-1-display
2023-07-19T00:20:31.469+0300 debug    [DisplayRecorder: channel-1-display] Add StreamOutput to capture screen content id=channel-1-display
2023-07-19T00:20:31.469+0300 debug    [DisplayRecorder: channel-1-display] Start stream capture id=channel-1-display
2023-07-19T00:20:31.581+0300 notice   [DisplayRecorder: channel-1-display] Started stream capture id=channel-1-display
2023-07-19T00:20:31.581+0300 debug    [DisplayRecorder: channel-1-display] Waiting for ring buffer to have a frame id=channel-1-display
2023-07-19T00:20:31.658+0300 debug    [DisplayRecorder: channel-1-display] Checking delta of presentation time stamp to host time clock. framePTS=85794.582485576 hostTime=85794.617536673 id=channel-1-display
2023-07-19T00:20:31.658+0300 notice   [DisplayRecorder: channel-1-display] Trivial delta between presentation time stamp to host time clock, will trust frame PTS. framePTS=85794.582485576 hostTime=85794.617536673 hostTimeDelta=0.035051097 id=channel-1-display
2023-07-19T00:20:31.659+0300 notice   [DisplayRecorder: channel-1-display] Ring buffer has a frame id=channel-1-display
2023-07-19T00:20:31.825+0300 debug    [CursorRecorder] Preloading system cursors. cursors=18 id=channel-0-cursor
2023-07-19T00:20:31.826+0300 notice   [CursorRecorder] Preloaded system cursors. cursors=18 id=channel-0-cursor
2023-07-19T00:20:31.826+0300 debug    [CursorRecorder] Configuring display link output handler. errorRateLimit=10.0 id=channel-0-cursor
2023-07-19T00:20:31.826+0300 info     [CursorRecorder] Display link output handler configured. errorRateLimit=10.0 id=channel-0-cursor
2023-07-19T00:20:31.826+0300 debug    [CursorRecorder] Setting current display on display link. displayId=69732992 id=channel-0-cursor
2023-07-19T00:20:31.826+0300 info     [CursorRecorder] Current display on display link set. displayId=69732992 id=channel-0-cursor
2023-07-19T00:20:31.826+0300 debug    [CursorRecorder] Starting display link. displayId=69732992 id=channel-0-cursor
2023-07-19T00:20:31.827+0300 notice   [CursorRecorder] Started display link. displayId=69732992 id=channel-0-cursor
2023-07-19T00:20:31.827+0300 notice   [Conductor] Did setup all recorders. recorders=3
2023-07-19T00:20:31.827+0300 debug    [Conductor] Calling prepare on all recorders for session. recorders=3
2023-07-19T00:20:31.828+0300 debug    [DisplayRecorder: channel-1-display] Creating SessionWriter id=channel-1-display
2023-07-19T00:20:31.828+0300 notice   [InputRecorder] Preparing session. id=channel-0-input sessions=0
2023-07-19T00:20:31.828+0300 debug    [SessionWriter: channel-1-display-0] Creating AVAssetWriter id=channel-1-display
2023-07-19T00:20:31.831+0300 notice   [InputRecorder] Prepared session. id=channel-0-input sessions=1
2023-07-19T00:20:31.833+0300 notice   [SessionWriter: channel-1-display-0] Created AVAssetWriter id=channel-1-display
2023-07-19T00:20:31.833+0300 debug    [SessionWriter: channel-1-display-0] Add AVAssetWriter.error observation id=channel-1-display
2023-07-19T00:20:31.834+0300 notice   [SessionWriter: channel-1-display-0] Added AVAssetWriter.error observation id=channel-1-display
2023-07-19T00:20:31.834+0300 debug    [SessionWriter: channel-1-display-0] Creating AVAssetWriterInput id=channel-1-display mediaType=AVMediaType(_rawValue: vide) outputSettings=["AVVideoScalingModeKey": AVVideoScalingModeResizeAspect, "AVVideoEncoderSpecificationKey": {
    EnableHardwareAcceleratedVideoEncoder = 1;
}, "AVVideoWidthKey": 1686, "AVVideoCompressionPropertiesKey": {
    AllowFrameReordering = 1;
    AverageBitRate = 9772410;
    ExpectedFrameRate = 30;
    H264EntropyMode = CABAC;
    MaxKeyFrameInterval = 30;
    ProfileLevel = "H264_High_AutoLevel";
}, "AVVideoHeightKey": 806, "AVVideoCodecKey": avc1]
2023-07-19T00:20:31.846+0300 notice   [CursorRecorder] Refresh rate of current display changed. currentDisplay=69732992 id=channel-0-cursor refreshRate=59 FPS
2023-07-19T00:20:32.596+0300 debug    [SessionWriter: channel-1-display-0] Adding AVAssetWriterInput to AVAssetWriter. id=channel-1-display
2023-07-19T00:20:32.596+0300 notice   [SessionWriter: channel-1-display-0] Added AVAssetWriterInput to AVAssetWriter id=channel-1-display
2023-07-19T00:20:33.042+0300 debug    [DisplayRecorder: channel-1-display] Processing initial samples from buffer. bufferCount=3 id=channel-1-display
2023-07-19T00:20:33.043+0300 debug    [DisplayRecorder: channel-1-display] Processed initial samples from buffer. bufferCount=3 id=channel-1-display
2023-07-19T00:20:33.043+0300 notice   [DisplayRecorder: channel-1-display] Created SessionWriter id=channel-1-display
2023-07-19T00:20:33.044+0300 notice   [Conductor] Called prepare recorders for session. recorders=3
2023-07-19T00:20:33.044+0300 debug    [Conductor] Broadcasting over stdout that all recorders are prepared. recorders=3
2023-07-19T00:20:33.044+0300 notice   [Conductor] Broadcasted over stdout that all recorders are prepared. recorders=3
2023-07-19T00:20:33.466+0300 notice   [SignalHandler] Received SIGCONT.
2023-07-19T00:20:33.515+0300 debug    [Conductor] Resuming recording.
2023-07-19T00:20:33.515+0300 notice   [Conductor] Recording resumed. recordFrom=85796.47385514101
2023-07-19T00:20:33.587+0300 debug    [SessionWriter: channel-1-display-0] Start session on AVAssetWriter id=channel-1-display sessionStart=CMTime(seconds:85796.473855141 timescale:1000000000 value:85796473855141 flags:valid, hasBeenRounded)
2023-07-19T00:20:33.587+0300 notice   [SessionWriter: channel-1-display-0] Started session on AVAssetWriter id=channel-1-display sessionStart=CMTime(seconds:85796.473855141 timescale:1000000000 value:85796473855141 flags:valid, hasBeenRounded)
2023-07-19T00:20:33.591+0300 notice   [SessionWriter: channel-1-display-0] Appending first sample buffer duration=CMTime(seconds:nan timescale:0 value:0 flags:<empty>) id=channel-1-display newPresentationTime=CMTime(seconds:85796.473855141 timescale:1000000000 value:85796473855141 flags:valid, hasBeenRounded) originalDecodeTime=CMTime(seconds:nan timescale:0 value:0 flags:<empty>) originalPresentationTime=CMTime(seconds:85796.404587108 timescale:1000000000 value:85796404587108 flags:valid)
2023-07-19T00:20:33.661+0300 notice   [SessionWriter: channel-1-display-0] Appending second sample buffer duration=CMTime(seconds:nan timescale:0 value:0 flags:<empty>) id=channel-1-display newPresentationTime=CMTime(seconds:85796.521280159 timescale:1000000000 value:85796521280159 flags:valid) originalDecodeTime=CMTime(seconds:nan timescale:0 value:0 flags:<empty>) originalPresentationTime=CMTime(seconds:85796.521280159 timescale:1000000000 value:85796521280159 flags:valid)
2023-07-19T00:20:34.996+0300 debug    [InputRecorderSession] Generated mouse move events for cursor changes between mouse moves. after=85797.795269786 generatedEvents=1 id=channel-0-input session=0 untilIncluding=85797.923231434
2023-07-19T00:21:42.595+0300 debug    [InputRecorderSession] Generated mouse move events for cursor changes between mouse moves. after=85865.537975845 generatedEvents=1 id=channel-0-input session=0 untilIncluding=85865.545822568
2023-07-19T00:21:42.680+0300 debug    [InputRecorderSession] Generated mouse move events for cursor changes between mouse moves. after=85865.553804979 generatedEvents=1 id=channel-0-input session=0 untilIncluding=85865.561790562
2023-07-19T00:21:44.067+0300 notice   [SignalHandler] Received SIGINT.
2023-07-19T00:21:44.079+0300 warning  [Conductor] Pausing the recording to be able to stop.
2023-07-19T00:21:44.079+0300 debug    [Conductor] Pausing recording.
2023-07-19T00:21:44.079+0300 notice   [Conductor] Recording paused. recordUntil=85867.036225741
2023-07-19T00:21:44.079+0300 debug    [Conductor] Stopping recording.
2023-07-19T00:21:44.079+0300 debug    [Conductor] Cleaning up recorders. recorders=3
2023-07-19T00:21:44.079+0300 debug    [CursorRecorder] Stopping display link. id=channel-0-cursor
2023-07-19T00:21:44.081+0300 debug    [InputRecorder] Stopping event monitor. id=channel-0-input
2023-07-19T00:21:44.082+0300 debug    [DisplayRecorder: channel-1-display] Completing all session writers id=channel-1-display sessionWriters.count=1
2023-07-19T00:21:44.082+0300 debug    [SessionWriter: channel-1-display-0] Completing recording. id=channel-1-display
2023-07-19T00:21:44.082+0300 debug    [SessionWriter: channel-1-display-0] Waiting for final frames. id=channel-1-display
2023-07-19T00:21:44.082+0300 notice   [SessionWriter: channel-1-display-0] Newer item produced recently, waiting for another second. id=channel-1-display lastItemTime=CMTime(seconds:85866.996556075 timescale:1000000000 value:85866996556075 flags:valid) previousLastItemTime=CMTime(seconds:-inf timescale:0 value:0 flags:valid, negativeInfinity)
2023-07-19T00:21:44.082+0300 info     [InputRecorder] Event monitor stopped. id=channel-0-input
2023-07-19T00:21:44.082+0300 debug    [InputRecorder] Stopping cursor change monitor. id=channel-0-input
2023-07-19T00:21:44.082+0300 info     [InputRecorder] Cursor change monitor stopped. id=channel-0-input
2023-07-19T00:21:44.082+0300 debug    [InputRecorder] Finishing sessions. id=channel-0-input
2023-07-19T00:21:44.082+0300 debug    [InputRecorderSession] Generating mouse move events for stationary cursor changes at end of session. id=channel-0-input session=0
2023-07-19T00:21:44.082+0300 notice   [InputRecorderSession] Generated mouse move events for stationary cursor changes at end of session. after=85866.426547612 generatedEvents=0 id=channel-0-input session=0 untilIncluding=85867.036225741
2023-07-19T00:21:44.083+0300 notice   [CursorRecorder] Stopped display link. id=channel-0-cursor
2023-07-19T00:21:44.091+0300 debug    [CursorRecorder] Writing cursor information to disk. count=20 id=channel-0-cursor url=file:///var/folders/g3/1xnd0v1n0772j6wwd19dlpth0000gn/T/Terminal%202023-07-19%2000:20:29/cursors.json
2023-07-19T00:21:44.092+0300 notice   [InputRecorder] Finished writers. id=channel-0-input
2023-07-19T00:21:44.093+0300 notice   [CursorRecorder] Cursor information written to disk. count=20 id=channel-0-cursor url=file:///var/folders/g3/1xnd0v1n0772j6wwd19dlpth0000gn/T/Terminal%202023-07-19%2000:20:29/cursors.json
2023-07-19T00:21:44.093+0300 debug    [CursorRecorder] Writing cursor images to disk. count=20 id=channel-0-cursor url=file:///var/folders/g3/1xnd0v1n0772j6wwd19dlpth0000gn/T/Terminal%202023-07-19%2000:20:29/cursors/
2023-07-19T00:21:44.168+0300 notice   [CursorRecorder] Cursor images are written to disk. count=20 id=channel-0-cursor url=file:///var/folders/g3/1xnd0v1n0772j6wwd19dlpth0000gn/T/Terminal%202023-07-19%2000:20:29/cursors/
2023-07-19T00:21:45.174+0300 warning  [SessionWriter: channel-1-display-0] Cancelling wait for final frames, no newer frame produced. id=channel-1-display lastItemTime=CMTime(seconds:85866.996556075 timescale:1000000000 value:85866996556075 flags:valid) previousLastItemTime=CMTime(seconds:85866.996556075 timescale:1000000000 value:85866996556075 flags:valid)
2023-07-19T00:21:45.174+0300 notice   [SessionWriter: channel-1-display-0] Waiting for final frames timed out. id=channel-1-display systemUptime=85868.131498984
2023-07-19T00:21:45.174+0300 debug    [SessionWriter: channel-1-display-0] Finishing SessionBuffer. id=channel-1-display
2023-07-19T00:21:45.175+0300 notice   [SessionWriter: channel-1-display-0] Reporting previous times duration=CMTime(seconds:nan timescale:0 value:0 flags:<empty>) id=channel-1-display newPresentationTime=CMTime(seconds:85866.996556075 timescale:1000000000 value:85866996556075 flags:valid) originalDecodeTime=CMTime(seconds:nan timescale:0 value:0 flags:<empty>) originalPresentationTime=CMTime(seconds:85866.996556075 timescale:1000000000 value:85866996556075 flags:valid)
2023-07-19T00:21:45.175+0300 notice   [SessionWriter: channel-1-display-0] Appending last sample buffer duration=CMTime(seconds:nan timescale:0 value:0 flags:<empty>) id=channel-1-display newPresentationTime=CMTime(seconds:85867.036225741 timescale:1000000000 value:85867036225741 flags:valid) originalDecodeTime=CMTime(seconds:nan timescale:0 value:0 flags:<empty>) originalPresentationTime=CMTime(seconds:85866.996556075 timescale:1000000000 value:85866996556075 flags:valid)
2023-07-19T00:21:45.175+0300 notice   [SessionWriter: channel-1-display-0] Finished SessionBuffer. id=channel-1-display
2023-07-19T00:21:45.175+0300 debug    [SessionWriter: channel-1-display-0] Flushing all frames from backpressure buffer. id=channel-1-display itemsInBuffer=0
2023-07-19T00:21:45.175+0300 notice   [SessionWriter: channel-1-display-0] Flushed all frames from backpressure buffer. id=channel-1-display itemsInBuffer=0
2023-07-19T00:21:45.175+0300 debug    [SessionWriter: channel-1-display-0] End session on AVAssetWriter id=channel-1-display sessionEnd=CMTime(seconds:85867.036225741 timescale:1000000000 value:85867036225741 flags:valid)
2023-07-19T00:21:45.198+0300 notice   [SessionWriter: channel-1-display-0] End session on AVAssetWriter id=channel-1-display sessionEnd=CMTime(seconds:85867.036225741 timescale:1000000000 value:85867036225741 flags:valid)
2023-07-19T00:21:45.198+0300 debug    [SessionWriter: channel-1-display-0] Finishing writing to asset writer. id=channel-1-display
2023-07-19T00:21:45.215+0300 notice   [SessionWriter: channel-1-display-0] Finished writing to assset writer. id=channel-1-display
2023-07-19T00:21:45.215+0300 debug    [SessionWriter: channel-1-display-0] Finishing writing to metadata file. id=channel-1-display
2023-07-19T00:21:45.215+0300 notice   [SessionWriter: channel-1-display-0] Finished writing to metadata file. id=channel-1-display
2023-07-19T00:21:45.215+0300 notice   [SessionWriter: channel-1-display-0] Completed recording, returning metadata. framesProcessed (excluding initial Ring buffer)=289 id=channel-1-display
2023-07-19T00:21:45.216+0300 notice   [DisplayRecorder: channel-1-display] Completed all session writers id=channel-1-display sessionWriters.count=1
2023-07-19T00:21:45.216+0300 debug    [DisplayRecorder: channel-1-display] Stopping stream capture. id=channel-1-display
2023-07-19T00:21:45.220+0300 notice   [DisplayRecorder: channel-1-display] Stopped stream capture. id=channel-1-display
2023-07-19T00:21:45.220+0300 debug    [DisplayRecorder: channel-1-display] Clearing frame timeout. id=channel-1-display
2023-07-19T00:21:45.220+0300 notice   [DisplayRecorder: channel-1-display] Cleared frame timeout. id=channel-1-display
2023-07-19T00:21:45.221+0300 debug    [DisplayRecorder: channel-1-display] Returning Metadata from cleanup id=channel-1-display totalFramesProcessed=310
2023-07-19T00:21:45.221+0300 debug    [DisplayRecorder: channel-1-display] Checking if file is undamaged id=channel-1-display url=file:///var/folders/g3/1xnd0v1n0772j6wwd19dlpth0000gn/T/Terminal%202023-07-19%2000:20:29/channel-1-display-0.mp4
2023-07-19T00:21:45.223+0300 debug    [DisplayRecorder: channel-1-display] Loaded duration from file duration=70.56166666666667 id=channel-1-display url=file:///var/folders/g3/1xnd0v1n0772j6wwd19dlpth0000gn/T/Terminal%202023-07-19%2000:20:29/channel-1-display-0.mp4
2023-07-19T00:21:45.223+0300 notice   [Conductor] Finalized recorders. errors=0 metadataCount=3 recorders=3
2023-07-19T00:21:45.223+0300 debug    [Conductor] Writing metadata file. metadataCount=3
2023-07-19T00:21:45.225+0300 notice   [Conductor] Metadata file written. metadataCount=3
2023-07-19T00:21:45.225+0300 debug    [Conductor] Ending latency critical activity.
2023-07-19T00:21:45.226+0300 notice   [Conductor] Ended latency critical activity.
2023-07-19T00:21:45.226+0300 notice   [Conductor] Recording stopped. errorCount=0 metadataCount=3 recorders=3
2023-07-19T00:21:45.227+0300 notice   [Conductor] Stopped recording. sessions=[
from:     85796.474  2023-07-19T00:20:33.515+0300
until:    85867.036  2023-07-19T00:21:44.077+0300
duration: 70.562
]
2023-07-19T00:21:45.227+0300 notice   [Polyrecorder] Nominal recording ended.
